Log file open, 01/16/19 08:08:50
LogWindows: Failed to load 'aqProf.dll' (GetLastError=126)
LogWindows: File 'aqProf.dll' does not exist
LogWindows: Failed to load 'VtuneApi.dll' (GetLastError=126)
LogWindows: File 'VtuneApi.dll' does not exist
LogWindows: Failed to load 'VtuneApi32e.dll' (GetLastError=126)
LogWindows: File 'VtuneApi32e.dll' does not exist
LogInit: Display: Running engine for game: NL_AssetPipeline
LogPlatformFile: Not using cached read wrapper
LogTaskGraph: Started task graph with 5 named threads and 23 total threads with 3 sets of task threads.
LogStats: Stats thread started at 0.285293
LogD3D11RHI: Loaded GFSDK_Aftermath_Lib.x64.dll
LogICUInternationalization: Display: ICU TimeZone Detection - Raw Offset: -7:00, Platform Override: ''
LogPluginManager: Mounting plugin Paper2D
LogPluginManager: Mounting plugin AISupport
LogPluginManager: Mounting plugin LightPropagationVolume
LogPluginManager: Mounting plugin CLionSourceCodeAccess
LogPluginManager: Mounting plugin CodeLiteSourceCodeAccess
LogPluginManager: Mounting plugin GitSourceControl
LogPluginManager: Mounting plugin KDevelopSourceCodeAccess
LogPluginManager: Mounting plugin NullSourceCodeAccess
LogPluginManager: Mounting plugin PerforceSourceControl
LogPluginManager: Mounting plugin SubversionSourceControl
LogPluginManager: Mounting plugin UObjectPlugin
LogPluginManager: Mounting plugin VisualStudioCodeSourceCodeAccess
LogPluginManager: Mounting plugin VisualStudioSourceCodeAccess
LogPluginManager: Mounting plugin XCodeSourceCodeAccess
LogPluginManager: Mounting plugin AssetManagerEditor
LogPluginManager: Mounting plugin CryptoKeys
LogPluginManager: Mounting plugin DataValidation
LogPluginManager: Mounting plugin FacialAnimation
LogPluginManager: Mounting plugin GameplayTagsEditor
LogPluginManager: Mounting plugin MacGraphicsSwitching
LogPluginManager: Mounting plugin MeshEditor
LogPluginManager: Mounting plugin MobileLauncherProfileWizard
LogPluginManager: Mounting plugin PluginBrowser
LogPluginManager: Mounting plugin SpeedTreeImporter
LogPluginManager: Mounting plugin DatasmithContent
LogPluginManager: Mounting plugin AlembicImporter
LogPluginManager: Mounting plugin AppleImageUtils
LogPluginManager: Mounting plugin AppleVision
LogPluginManager: Mounting plugin BackChannel
LogPluginManager: Mounting plugin CharacterAI
LogPluginManager: Mounting plugin GeometryCache
LogPluginManager: Mounting plugin HTML5Networking
LogPluginManager: Mounting plugin ProxyLODPlugin
LogPluginManager: Mounting plugin MagicLeap
LogPluginManager: Mounting plugin MagicLeapEmulator
LogPluginManager: Mounting plugin MagicLeapMedia
LogPluginManager: Mounting plugin AndroidMedia
LogPluginManager: Mounting plugin AvfMedia
LogPluginManager: Mounting plugin ImgMedia
LogPluginManager: Mounting plugin LinearTimecode
LogPluginManager: Mounting plugin MediaCompositing
LogPluginManager: Mounting plugin MediaPlayerEditor
LogPluginManager: Mounting plugin WmfMedia
LogPluginManager: Mounting plugin TcpMessaging
LogPluginManager: Mounting plugin UdpMessaging
LogPluginManager: Mounting plugin ActorSequence
LogPluginManager: Mounting plugin LevelSequenceEditor
LogPluginManager: Mounting plugin MatineeToLevelSequence
LogPluginManager: Mounting plugin NetcodeUnitTest
LogPluginManager: Mounting plugin NUTUnrealEngine4
LogPluginManager: Mounting plugin OnlineSubsystemGooglePlay
LogPluginManager: Mounting plugin OnlineSubsystemIOS
LogPluginManager: Mounting plugin OnlineSubsystem
LogPluginManager: Mounting plugin OnlineSubsystemNull
LogPluginManager: Mounting plugin OnlineSubsystemUtils
LogPluginManager: Mounting plugin LauncherChunkInstaller
LogPluginManager: Mounting plugin AndroidDeviceProfileSelector
LogPluginManager: Mounting plugin AndroidMoviePlayer
LogPluginManager: Mounting plugin AndroidPermission
LogPluginManager: Mounting plugin AppleMoviePlayer
LogPluginManager: Mounting plugin ArchVisCharacter
LogPluginManager: Mounting plugin AudioCapture
LogPluginManager: Mounting plugin CableComponent
LogPluginManager: Mounting plugin CustomMeshComponent
LogPluginManager: Mounting plugin EditableMesh
LogPluginManager: Mounting plugin ExampleDeviceProfileSelector
LogPluginManager: Mounting plugin GoogleCloudMessaging
LogPluginManager: Mounting plugin ImmediatePhysics
LogPluginManager: Mounting plugin IOSDeviceProfileSelector
LogPluginManager: Mounting plugin LinuxDeviceProfileSelector
LogPluginManager: Mounting plugin LocationServicesBPLibrary
LogPluginManager: Mounting plugin MobilePatchingUtils
LogPluginManager: Mounting plugin OculusVR
LogPluginManager: Plugin shader directory ../../../Engine/Plugins/Runtime/Oculus/OculusVR/Shaders found
LogPluginManager: Mapping shader source directory ../../../Engine/Plugins/Runtime/Oculus/OculusVR/Shaders to virtual directory /Plugin/OculusVR
LogPluginManager: Mounting plugin PhysXVehicles
LogPluginManager: Mounting plugin ProceduralMeshComponent
LogPluginManager: Mounting plugin RuntimePhysXCooking
LogPluginManager: Mounting plugin SteamVR
LogPluginManager: Mounting plugin WindowsMoviePlayer
LogStreaming: Display: Took  0.099s to configure plugins.
LogInit: Using libcurl 7.55.1-DEV
LogInit:  - built for x86_64-pc-win32
LogInit:  - supports SSL with OpenSSL/1.0.2h
LogInit:  - supports HTTP deflate (compression) using libz 1.2.8
LogInit:  - other features:
LogInit:      CURL_VERSION_SSL
LogInit:      CURL_VERSION_LIBZ
LogInit:      CURL_VERSION_IPV6
LogInit:      CURL_VERSION_ASYNCHDNS
LogInit:      CURL_VERSION_LARGEFILE
LogInit:      CURL_VERSION_IDN
LogInit:  CurlRequestOptions (configurable via config and command line):
LogInit:  - bVerifyPeer = false  - Libcurl will NOT verify peer certificate
LogInit:  - bUseHttpProxy = false  - Libcurl will NOT use HTTP proxy
LogInit:  - bDontReuseConnections = false  - Libcurl will reuse connections
LogInit:  - CertBundlePath = nullptr  - Libcurl will use whatever was configured at build time.
LogInit:  - MaxHostConnections = 16  - Libcurl will limit the number of connections to a host
LogInit:  - LocalHostAddr = Default
LogInit:  - BufferSize = 65536
LogInit: WinSock: version 1.1 (2.2), MaxSocks=32767, MaxUdp=65467
LogInit: Build: ++UE4+Release-4.20-CL-4369336
LogInit: Engine Version: 4.20.3-4369336+++UE4+Release-4.20
LogInit: Compatible Engine Version: 4.20.0-4212847+++UE4+Release-4.20
LogInit: Net CL: 4212847
LogInit: OS: Windows 10 (), CPU: Intel(R) Core(TM) i7-8809G CPU @ 3.10GHz, GPU: Radeon RX Vega M GH Graphics
LogInit: Compiled (64-bit): Sep 17 2018 12:26:19
LogInit: Compiled with Visual C++: 19.13.26129.00
LogInit: Build Configuration: Development
LogInit: Branch Name: ++UE4+Release-4.20
LogInit: Command Line: -EpicPortal  -epicusername="Troudge" -epicuserid=045cafe19c1c43ac8ba3ef217b83ef17 -epiclocale=en-US
LogInit: Base Directory: C:/Program Files/Epic Games/UE_4.20/Engine/Binaries/Win64/
LogInit: Installed Engine Build: 1
LogDevObjectVersion: Number of dev versions registered: 20
LogDevObjectVersion:   Dev-Blueprints (B0D832E4-1F89-4F0D-ACCF-7EB736FD4AA2): 10
LogDevObjectVersion:   Dev-Build (E1C64328-A22C-4D53-A36C-8E866417BD8C): 0
LogDevObjectVersion:   Dev-Core (375EC13C-06E4-48FB-B500-84F0262A717E): 2
LogDevObjectVersion:   Dev-Editor (E4B068ED-F494-42E9-A231-DA0B2E46BB41): 24
LogDevObjectVersion:   Dev-Framework (CFFC743F-43B0-4480-9391-14DF171D2073): 34
LogDevObjectVersion:   Dev-Mobile (B02B49B5-BB20-44E9-A304-32B752E40360): 2
LogDevObjectVersion:   Dev-Networking (A4E4105C-59A1-49B5-A7C5-40C4547EDFEE): 0
LogDevObjectVersion:   Dev-Online (39C831C9-5AE6-47DC-9A44-9C173E1C8E7C): 0
LogDevObjectVersion:   Dev-Physics (78F01B33-EBEA-4F98-B9B4-84EACCB95AA2): 0
LogDevObjectVersion:   Dev-Platform (6631380F-2D4D-43E0-8009-CF276956A95A): 0
LogDevObjectVersion:   Dev-Rendering (12F88B9F-8875-4AFC-A67C-D90C383ABD29): 26
LogDevObjectVersion:   Dev-Sequencer (7B5AE74C-D270-4C10-A958-57980B212A5A): 9
LogDevObjectVersion:   Dev-VR (D7296918-1DD6-4BDD-9DE2-64A83CC13884): 2
LogDevObjectVersion:   Dev-LoadTimes (C2A15278-BFE7-4AFE-6C17-90FF531DF755): 1
LogDevObjectVersion:   Private-Geometry (6EACA3D4-40EC-4CC1-B786-8BED09428FC5): 3
LogDevObjectVersion:   Dev-AnimPhys (29E575DD-E0A3-4627-9D10-D276232CDCEA): 17
LogDevObjectVersion:   Dev-ReflectionCapture (6B266CEC-1EC7-4B8F-A30B-E4D90942FC07): 1
LogDevObjectVersion:   Dev-Automation (0DF73D61-A23F-47EA-B727-89E90C41499A): 1
LogDevObjectVersion:   FortniteMain (601D1886-AC64-4F84-AA16-D3DE0DEAC7D6): 12
LogDevObjectVersion:   Dev-Enterprise (9DFFBCD6-494F-0158-E221-12823C92A888): 1
LogStreaming: Display: Took  0.000s to delete old logs.
LogInit: Presizing for max 8388607 objects, including 0 objects not considered by GC, pre-allocating 0 bytes for permanent pool.
LogInit: Object subsystem initialized
[2019.01.16-15.08.51:132][  0]LogInit: Selected Device Profile: [Windows]
[2019.01.16-15.08.51:132][  0]LogInit: Applying CVar settings loaded from the selected device profile: [Windows]
[2019.01.16-15.08.51:614][  0]LogHAL: Display: Platform has ~ 16 GB [17094914048 / 17179869184 / 16], which maps to Larger [LargestMinGB=32, LargerMinGB=12, DefaultMinGB=8, SmallerMinGB=6, SmallestMinGB=0)
[2019.01.16-15.08.51:614][  0]LogInit: Setting Device Profile CVar: [[r.Vulkan.UseRealUBs:1]]
[2019.01.16-15.08.51:614][  0]LogInit: Going up to parent DeviceProfile []
[2019.01.16-15.08.51:614][  0]LogInit: Computer: eae-n-008
[2019.01.16-15.08.51:614][  0]LogInit: User: u1100496
[2019.01.16-15.08.51:614][  0]LogInit: CPU Page size=4096, Cores=4
[2019.01.16-15.08.51:614][  0]LogInit: High frequency timer resolution =3.023435 MHz
[2019.01.16-15.08.51:614][  0]LogMemory: Memory total: Physical=15.9GB (16GB approx)
[2019.01.16-15.08.51:614][  0]LogMemory: Platform Memory Stats for Windows
[2019.01.16-15.08.51:614][  0]LogMemory: Process Physical Memory: 100.98 MB used, 100.98 MB peak
[2019.01.16-15.08.51:614][  0]LogMemory: Process Virtual Memory: 89.32 MB used, 89.32 MB peak
[2019.01.16-15.08.51:614][  0]LogMemory: Physical Memory: 5845.51 MB used,  10457.47 MB free, 16302.98 MB total
[2019.01.16-15.08.51:614][  0]LogMemory: Virtual Memory: 4639.15 MB used,  10457.47 MB free, 134217728.00 MB total
[2019.01.16-15.08.51:629][  0]LogInit: Using OS detected language (en-US).
[2019.01.16-15.08.51:629][  0]LogInit: Using OS detected locale (en-US).
[2019.01.16-15.08.51:629][  0]LogTextLocalizationManager: No specific localization for 'en-US' exists, so the 'en' localization will be used.
[2019.01.16-15.08.51:980][  0]LogStreaming: Display: Took  0.351s to InitEngineTextLocalization.
[2019.01.16-15.08.51:980][  0]LogInit: Setting process to per monitor DPI aware
[2019.01.16-15.08.52:007][  0]LogSlate: New Slate User Created.  User Index 0, Is Virtual User: 0
[2019.01.16-15.08.52:008][  0]LogSlate: Slate User Registered.  User Index 0, Is Virtual User: 0
[2019.01.16-15.08.52:228][  0]LogHMD: Failed to initialize OpenVR with code 110
[2019.01.16-15.08.52:228][  0]LogD3D11RHI: D3D11 adapters:
[2019.01.16-15.08.52:558][  0]LogD3D11RHI:    0. 'Radeon RX Vega M GH Graphics' (Feature Level 11_0)
[2019.01.16-15.08.52:558][  0]LogD3D11RHI:       4042/0/8151 MB DedicatedVideo/DedicatedSystem/SharedSystem, Outputs:1, VendorId:0x1002
[2019.01.16-15.08.52:571][  0]LogD3D11RHI:    1. 'Intel(R) HD Graphics 630' (Feature Level 11_0)
[2019.01.16-15.08.52:571][  0]LogD3D11RHI:       128/0/8151 MB DedicatedVideo/DedicatedSystem/SharedSystem, Outputs:0, VendorId:0x8086
[2019.01.16-15.08.52:573][  0]LogD3D11RHI:    2. 'Microsoft Basic Render Driver' (Feature Level 11_0)
[2019.01.16-15.08.52:573][  0]LogD3D11RHI:       0/0/8151 MB DedicatedVideo/DedicatedSystem/SharedSystem, Outputs:0, VendorId:0x1414
[2019.01.16-15.08.52:573][  0]LogD3D11RHI: Chosen D3D11 Adapter: 0
[2019.01.16-15.08.52:583][  0]LogD3D11RHI: Creating new Direct3DDevice
[2019.01.16-15.08.52:583][  0]LogD3D11RHI:     GPU DeviceId: 0x694c (for the marketing name, search the web for "GPU Device Id")
[2019.01.16-15.08.52:583][  0]LogWindows: EnumDisplayDevices:
[2019.01.16-15.08.52:583][  0]LogWindows:    0. 'Radeon RX Vega M GH Graphics' (P:1 D:1)
[2019.01.16-15.08.52:584][  0]LogWindows:    1. 'Radeon RX Vega M GH Graphics' (P:0 D:0)
[2019.01.16-15.08.52:584][  0]LogWindows:    2. 'Radeon RX Vega M GH Graphics' (P:0 D:0)
[2019.01.16-15.08.52:584][  0]LogWindows:    3. 'Radeon RX Vega M GH Graphics' (P:0 D:0)
[2019.01.16-15.08.52:585][  0]LogWindows:    4. 'Radeon RX Vega M GH Graphics' (P:0 D:0)
[2019.01.16-15.08.52:585][  0]LogWindows:    5. 'Radeon RX Vega M GH Graphics' (P:0 D:0)
[2019.01.16-15.08.52:586][  0]LogWindows:    6. 'Radeon RX Vega M GH Graphics' (P:0 D:0)
[2019.01.16-15.08.52:586][  0]LogWindows:    7. 'Intel(R) HD Graphics 630' (P:0 D:0)
[2019.01.16-15.08.52:586][  0]LogWindows:    8. 'Intel(R) HD Graphics 630' (P:0 D:0)
[2019.01.16-15.08.52:586][  0]LogWindows: DebugString: PrimaryIsNotTheChoosenAdapter PrimaryIsNotTheChoosenAdapter FoundDriverCount:7 
[2019.01.16-15.08.52:586][  0]LogD3D11RHI:     Adapter Name: Radeon RX Vega M GH Graphics
[2019.01.16-15.08.52:586][  0]LogD3D11RHI:   Driver Version: Adrenalin 18.9.1 (internal:24.20.11026.2001, unified:24.20.11026.2001)
[2019.01.16-15.08.52:586][  0]LogD3D11RHI:      Driver Date: 8-30-2018
[2019.01.16-15.08.52:586][  0]LogRHI: Texture pool is 2829 MB (70% of 4042 MB)
[2019.01.16-15.08.52:665][  0]LogD3D11RHI: Async texture creation enabled
[2019.01.16-15.08.52:676][  0]LogD3D11RHI: GPU Timing Frequency: 25.000000 (Debug: 2 1)
[2019.01.16-15.08.52:678][  0]LogShaderCompilers: Guid format shader working directory is -34 characters bigger than the processId version (../../../../../../Users/u1100496/Documents/GitHub/NL_AssetPipeline/NL_AssetPipeline/Intermediate/Shaders/WorkingDirectory/4164/).
[2019.01.16-15.08.52:678][  0]LogShaderCompilers: Cleaned the shader compiler working directory 'C:/Users/u1100496/AppData/Local/Temp/UnrealShaderWorkingDir/2B84CEE246D9B707F1BA84AE3690E450/'.
[2019.01.16-15.08.52:916][  0]LogTemp: Display: Loaded TP AllDesktopTargetPlatform
[2019.01.16-15.08.52:929][  0]LogTemp: Display: Loaded TP MacClientTargetPlatform
[2019.01.16-15.08.52:940][  0]LogTemp: Display: Loaded TP MacNoEditorTargetPlatform
[2019.01.16-15.08.52:953][  0]LogTemp: Display: Loaded TP MacServerTargetPlatform
[2019.01.16-15.08.52:967][  0]LogTemp: Display: Loaded TP MacTargetPlatform
[2019.01.16-15.08.52:979][  0]LogTemp: Display: Loaded TP WindowsClientTargetPlatform
[2019.01.16-15.08.52:993][  0]LogTemp: Display: Loaded TP WindowsNoEditorTargetPlatform
[2019.01.16-15.08.53:005][  0]LogTemp: Display: Loaded TP WindowsServerTargetPlatform
[2019.01.16-15.08.53:012][  0]LogTemp: Display: Loaded TP WindowsTargetPlatform
[2019.01.16-15.08.53:085][  0]LogTemp: Display: Loaded TP AndroidTargetPlatform
[2019.01.16-15.08.53:085][  0]LogTemp: Display: Loaded TP AndroidTargetPlatform
[2019.01.16-15.08.53:085][  0]LogTemp: Display: Loaded TP AndroidTargetPlatform
[2019.01.16-15.08.53:085][  0]LogTemp: Display: Loaded TP AndroidTargetPlatform
[2019.01.16-15.08.53:085][  0]LogTemp: Display: Loaded TP AndroidTargetPlatform
[2019.01.16-15.08.53:085][  0]LogTemp: Display: Loaded TP AndroidTargetPlatform
[2019.01.16-15.08.53:085][  0]LogTemp: Display: Loaded TP AndroidTargetPlatform
[2019.01.16-15.08.53:085][  0]LogTemp: Display: Loaded TP AndroidTargetPlatform
[2019.01.16-15.08.53:085][  0]LogTemp: Display: Loaded TP AndroidTargetPlatform
[2019.01.16-15.08.53:085][  0]LogTemp: Display: Loaded TP AndroidTargetPlatform
[2019.01.16-15.08.53:085][  0]LogTemp: Display: Loaded TP AndroidTargetPlatform
[2019.01.16-15.08.53:085][  0]LogTemp: Display: Loaded TP AndroidTargetPlatform
[2019.01.16-15.08.53:085][  0]LogTemp: Display: Loaded TP AndroidTargetPlatform
[2019.01.16-15.08.53:085][  0]LogTemp: Display: Loaded TP AndroidTargetPlatform
[2019.01.16-15.08.53:085][  0]LogTemp: Display: Loaded TP AndroidTargetPlatform
[2019.01.16-15.08.53:085][  0]LogTemp: Display: Loaded TP AndroidTargetPlatform
[2019.01.16-15.08.53:085][  0]LogTemp: Display: Loaded TP AndroidTargetPlatform
[2019.01.16-15.08.53:085][  0]LogTemp: Display: Loaded TP AndroidTargetPlatform
[2019.01.16-15.08.53:085][  0]LogTemp: Display: Loaded TP HTML5TargetPlatform
[2019.01.16-15.08.53:142][  0]LogTemp: Display: Loaded TP IOSTargetPlatform
[2019.01.16-15.08.53:142][  0]LogTemp: Display: Loaded TP IOSTargetPlatform
[2019.01.16-15.08.53:163][  0]LogTemp: Display: Loaded TP TVOSTargetPlatform
[2019.01.16-15.08.53:163][  0]LogTemp: Display: Loaded TP TVOSTargetPlatform
[2019.01.16-15.08.53:174][  0]LogTemp: Display: Loaded TP LinuxClientTargetPlatform
[2019.01.16-15.08.53:189][  0]LogTemp: Display: Loaded TP LinuxNoEditorTargetPlatform
[2019.01.16-15.08.53:200][  0]LogTemp: Display: Loaded TP LinuxServerTargetPlatform
[2019.01.16-15.08.53:212][  0]LogTemp: Display: Loaded TP LinuxTargetPlatform
[2019.01.16-15.08.53:220][  0]LogTemp: Display: Loaded TP LuminTargetPlatform
[2019.01.16-15.08.53:220][  0]LogTargetPlatformManager: Display: Building Assets For Windows
[2019.01.16-15.08.53:277][  0]LogXGEController: Cannot use XGE Controller as Incredibuild is not installed on this machine.
[2019.01.16-15.08.53:278][  0]LogShaderCompilers: Cannot use XGE Shader Compiler as Incredibuild is not installed on this machine.
[2019.01.16-15.08.53:278][  0]LogShaderCompilers: Display: Using Local Shader Compiler.
[2019.01.16-15.08.53:925][  0]LogDerivedDataCache: Display: Max Cache Size: 512 MB
[2019.01.16-15.08.53:992][  0]LogDerivedDataCache: Loaded boot cache 0.07s 87MB C:/Users/u1100496/AppData/Local/UnrealEngine/4.20/DerivedDataCache/Boot.ddc.
[2019.01.16-15.08.53:992][  0]LogDerivedDataCache: Display: Loaded Boot cache: C:/Users/u1100496/AppData/Local/UnrealEngine/4.20/DerivedDataCache/Boot.ddc
[2019.01.16-15.08.53:992][  0]LogDerivedDataCache: FDerivedDataBackendGraph:  Pak pak cache file ../../../../../../Users/u1100496/Documents/GitHub/NL_AssetPipeline/NL_AssetPipeline/DerivedDataCache/DDC.ddp not found, will not use a pak cache.
[2019.01.16-15.08.53:992][  0]LogDerivedDataCache: Unable to find inner node Pak for hierarchical cache Hierarchy.
[2019.01.16-15.08.53:992][  0]LogDerivedDataCache: FDerivedDataBackendGraph:  CompressedPak pak cache file ../../../../../../Users/u1100496/Documents/GitHub/NL_AssetPipeline/NL_AssetPipeline/DerivedDataCache/Compressed.ddp not found, will not use a pak cache.
[2019.01.16-15.08.53:992][  0]LogDerivedDataCache: Unable to find inner node CompressedPak for hierarchical cache Hierarchy.
[2019.01.16-15.08.54:004][  0]LogDerivedDataCache: Display: Pak cache opened for reading ../../../Engine/DerivedDataCache/Compressed.ddp.
[2019.01.16-15.08.54:017][  0]LogDerivedDataCache: Using Local data cache path C:/Users/u1100496/AppData/Local/UnrealEngine/Common/DerivedDataCache: Writable
[2019.01.16-15.08.54:017][  0]LogDerivedDataCache: Shared data cache path not found in *engine.ini, will not use an Shared cache.
[2019.01.16-15.08.54:017][  0]LogDerivedDataCache: Unable to find inner node Shared for hierarchical cache Hierarchy.
[2019.01.16-15.08.54:034][  0]LogMaterial: Verifying Global Shaders for PCD3D_SM5
[2019.01.16-15.08.54:035][  0]LogSlate: Using FreeType 2.6.0
[2019.01.16-15.08.54:036][  0]LogSlate: SlateFontServices - WITH_FREETYPE: 1, WITH_HARFBUZZ: 1
[2019.01.16-15.08.54:108][  0]LogAssetRegistry: FAssetRegistry took 0.0251 seconds to start up
[2019.01.16-15.08.54:420][  0]LogInit: Selected Device Profile: [Windows]
[2019.01.16-15.08.54:550][  0]LogSimplygon: Simplygon DLL not present - disabling.
[2019.01.16-15.08.54:554][  0]LogMeshReduction: Using SimplygonSwarm for distributed automatic mesh merging
[2019.01.16-15.08.54:554][  0]LogMeshReduction: Using ProxyLODMeshReduction for automatic mesh merging
[2019.01.16-15.08.54:554][  0]LogMeshReduction: Using QuadricMeshReduction for automatic static mesh reduction
[2019.01.16-15.08.54:554][  0]LogMeshReduction: No automatic skeletal mesh reduction module available
[2019.01.16-15.08.54:565][  0]LogNetVersion: NL_AssetPipeline 1.0.0, NetCL: 4212847, EngineNetVer: 5, GameNetVer: 0 (Checksum: 65142639)
[2019.01.16-15.08.55:077][  0]LogPackageLocalizationCache: Processed 11 localized package path(s) for 2 prioritized culture(s) in 0.098253 seconds
[2019.01.16-15.08.55:084][  0]LogUObjectArray: 38425 objects as part of root set at end of initial load.
[2019.01.16-15.08.55:084][  0]LogUObjectAllocator: 6690872 out of 0 bytes used by permanent object pool.
[2019.01.16-15.08.55:084][  0]LogUObjectArray: CloseDisregardForGC: 0/0 objects in disregard for GC pool
[2019.01.16-15.08.55:914][  0]LogTcpMessaging: Initializing TcpMessaging bridge
[2019.01.16-15.08.55:928][  0]LogUdpMessaging: Initializing bridge on interface 0.0.0.0:0 to multicast group 230.0.0.1:6666.
[2019.01.16-15.08.56:065][  0]SourceControl: Source control is disabled
[2019.01.16-15.08.56:065][  0]SourceControl: Source control is disabled
[2019.01.16-15.08.56:066][  0]SourceControl: Source control is disabled
[2019.01.16-15.08.56:067][  0]SourceControl: Source control is disabled
[2019.01.16-15.08.56:224][  0]LogAndroidPermission: UAndroidPermissionCallbackProxy::GetInstance
[2019.01.16-15.08.56:299][  0]LogOcInput: OculusInput pre-init called
[2019.01.16-15.08.56:358][  0]LogEngine: Initializing Engine...
[2019.01.16-15.08.56:358][  0]LogHMD: Failed to initialize OpenVR with code 110
[2019.01.16-15.08.56:359][  0]LogStats: UGameplayTagsManager::ConstructGameplayTagTree: ImportINI prefixes -  0.000 s
[2019.01.16-15.08.56:359][  0]LogStats: UGameplayTagsManager::ConstructGameplayTagTree: Construct from data asset -  0.000 s
[2019.01.16-15.08.56:359][  0]LogStats: UGameplayTagsManager::ConstructGameplayTagTree: ImportINI -  0.000 s
[2019.01.16-15.08.56:359][  0]LogStats: UGameplayTagsManager::ConstructGameplayTagTree: GameplayTagTreeChangedEvent.Broadcast -  0.000 s
[2019.01.16-15.08.56:562][  0]LogInit: Initializing FReadOnlyCVARCache
[2019.01.16-15.08.56:576][  0]LogAIModule: Creating AISystem for world Untitled
[2019.01.16-15.08.56:604][  0]LogInit: XAudio2 using '1 - CintiqPro24P (AMD High Definition Audio Device)' : 2 channels at 48 kHz using 16 bits per sample (channel mask 0x3)
[2019.01.16-15.08.56:632][  0]LogInit: FAudioDevice initialized.
[2019.01.16-15.08.56:633][  0]LogNetVersion: Set ProjectVersion to 1.0.0.0. Version Checksum will be recalculated on next use.
[2019.01.16-15.08.56:718][  0]LogDerivedDataCache: Saved boot cache 0.09s 87MB C:/Users/u1100496/AppData/Local/UnrealEngine/4.20/DerivedDataCache/Boot.ddc.
[2019.01.16-15.08.56:737][  0]LogInit: Texture streaming: Enabled
[2019.01.16-15.08.56:753][  0]LogEngineSessionManager: EngineSessionManager initialized
[2019.01.16-15.08.56:769][  0]LogInit: Transaction tracking system initialized
[2019.01.16-15.08.56:792][  0]BlueprintLog: New page: Editor Load
[2019.01.16-15.08.56:885][  0]LocalizationService: Localization service is disabled
[2019.01.16-15.08.57:166][  0]LogFileCache: Scanning file cache for directory 'C:/Users/u1100496/Documents/GitHub/NL_AssetPipeline/NL_AssetPipeline/Content/' took 0.01s
[2019.01.16-15.08.57:166][  0]LogCook: Display: Max memory allowance for cook 16384mb min free memory 0mb
[2019.01.16-15.08.57:166][  0]LogCook: Display: Mobile HDR setting 1
[2019.01.16-15.08.57:166][  0]LogGameplayTags: Display: UGameplayTagsManager::DoneAddingNativeTags. DelegateIsBound: 0
[2019.01.16-15.08.57:166][  0]LogStats: UGameplayTagsManager::ConstructGameplayTagTree: ImportINI prefixes -  0.000 s
[2019.01.16-15.08.57:166][  0]LogStats: UGameplayTagsManager::ConstructGameplayTagTree: Construct from data asset -  0.000 s
[2019.01.16-15.08.57:166][  0]LogStats: UGameplayTagsManager::ConstructGameplayTagTree: ImportINI -  0.000 s
[2019.01.16-15.08.57:166][  0]LogStats: UGameplayTagsManager::ConstructGameplayTagTree: GameplayTagTreeChangedEvent.Broadcast -  0.000 s
[2019.01.16-15.08.57:290][  0]SourceControl: Source control is disabled
[2019.01.16-15.08.57:291][  0]Cmd: MAP LOAD FILE="../../../Engine/Content/Maps/Templates/Template_Default.umap" TEMPLATE=1 SHOWPROGRESS=1 FEATURELEVEL=3
[2019.01.16-15.08.57:291][  0]LightingResults: New page: Lighting Build
[2019.01.16-15.08.57:294][  0]MapCheck: New page: Map Check
[2019.01.16-15.08.57:294][  0]LightingResults: New page: Lighting Build
[2019.01.16-15.08.57:492][  0]LogAIModule: Creating AISystem for world Untitled_1
[2019.01.16-15.08.57:498][  0]LogEditorServer: Finished looking for orphan Actors (0.000 secs)
[2019.01.16-15.08.57:520][  0]Cmd: MAP CHECKDEP NOCLEARLOG
[2019.01.16-15.08.57:582][  0]MapCheck: Map check complete: 0 Error(s), 0 Warning(s), took 62.131ms to complete.
[2019.01.16-15.08.57:582][  0]LogFileHelpers: Loading map 'Template_Default' took 0.291
[2019.01.16-15.08.57:765][  0]LogSlate: Updating window title bar state: overlay mode, drag disabled, window buttons hidden, title bar hidden
[2019.01.16-15.08.57:771][  0]LogSlate: Updating window title bar state: overlay mode, drag disabled, window buttons hidden, title bar hidden
[2019.01.16-15.08.57:777][  0]LogSlate: Updating window title bar state: overlay mode, drag disabled, window buttons hidden, title bar hidden
[2019.01.16-15.08.57:782][  0]LogSlate: Updating window title bar state: overlay mode, drag disabled, window buttons hidden, title bar hidden
[2019.01.16-15.08.57:798][  0]LogCollectionManager: Loaded 0 collections in 0.001472 seconds
[2019.01.16-15.08.57:859][  0]LogFileCache: Scanning file cache for directory 'C:/Users/u1100496/Documents/GitHub/NL_AssetPipeline/NL_AssetPipeline/Saved/Collections/' took 0.01s
[2019.01.16-15.08.57:859][  0]LogFileCache: Scanning file cache for directory 'C:/Users/u1100496/Documents/GitHub/NL_AssetPipeline/NL_AssetPipeline/Content/Developers/u1100496/Collections/' took 0.01s
[2019.01.16-15.08.57:859][  0]LogFileCache: Scanning file cache for directory 'C:/Users/u1100496/Documents/GitHub/NL_AssetPipeline/NL_AssetPipeline/Content/Collections/' took 0.01s
[2019.01.16-15.08.57:859][  0]LogCollectionManager: Rebuilt the GUID cache for 0 collections in 0.000000 seconds
[2019.01.16-15.08.57:870][  0]LogContentBrowser: Native class hierarchy populated in 0.0095 seconds. Added 2572 classes and 603 folders.
[2019.01.16-15.08.57:885][  0]LogContentBrowser: Native class hierarchy updated for 'WidgetCarousel' in 0.0003 seconds. Added 0 classes and 0 folders.
[2019.01.16-15.08.58:299][  0]LogContentBrowser: Native class hierarchy updated for 'AddContentDialog' in 0.0002 seconds. Added 0 classes and 0 folders.
[2019.01.16-15.08.58:315][  0]LogContentBrowser: Native class hierarchy updated for 'SceneOutliner' in 0.0002 seconds. Added 1 classes and 2 folders.
[2019.01.16-15.08.58:373][  0]LogSlate: Took 0.000154 seconds to synchronously load lazily loaded font '../../../Engine/Content/Slate/Fonts/Roboto-Regular.ttf' (155K)
[2019.01.16-15.08.58:375][  0]LogSlate: Took 0.000153 seconds to synchronously load lazily loaded font '../../../Engine/Content/Slate/Fonts/Roboto-Bold.ttf' (160K)
[2019.01.16-15.08.58:388][  0]LogSlate: Took 0.006043 seconds to synchronously load lazily loaded font '../../../Engine/Content/Editor/Slate/Fonts/FontAwesome.ttf' (139K)
[2019.01.16-15.08.58:498][  0]LogRenderer: Reallocating scene render targets to support 1208x576 Format 10 NumSamples 1 (Frame:1).
[2019.01.16-15.08.58:736][  0]LogSlate: FSceneViewport::OnFocusLost() reason 2
[2019.01.16-15.08.58:749][  0]LogSlate: Window 'Tutorials' being destroyed
[2019.01.16-15.08.58:779][  0]LogContentBrowser: Native class hierarchy updated for 'HierarchicalLODOutliner' in 0.0002 seconds. Added 0 classes and 0 folders.
[2019.01.16-15.08.58:780][  0]LogLoad: (Engine Initialization) Total time: 9.35 seconds
[2019.01.16-15.08.58:780][  0]LogLoad: (Engine Initialization) Total Blueprint compile time: 0.00 seconds
[2019.01.16-15.08.58:790][  0]LogWindowsTextInputMethodSystem: Display: IME system now deactivated.
[2019.01.16-15.08.58:810][  0]LogContentStreaming: Texture pool size now 1000 MB
[2019.01.16-15.08.58:844][  1]LogAssetRegistry: Asset discovery search completed in 4.7577 seconds
[2019.01.16-15.08.58:845][  1]LogCollectionManager: Rebuilt the object cache for 0 collections in 0.000000 seconds (found 0 objects)
[2019.01.16-15.08.58:845][  1]LogCollectionManager: Fixed up redirectors for 0 collections in 0.000033 seconds (updated 0 objects)
[2019.01.16-15.09.24:567][ 78]LogSlate: FSceneViewport::OnFocusLost() reason 0
[2019.01.16-15.11.40:479][435]LogSlate: Took 0.018811 seconds to synchronously load lazily loaded font '../../../Engine/Content/Slate/Fonts/Roboto-Light.ttf' (167K)
[2019.01.16-15.11.40:511][435]LogAIModule: Creating AISystem for world NewMap
[2019.01.16-15.11.40:518][435]LogAssetEditorManager: Opening Asset editor for World /Game/NewMap.NewMap
[2019.01.16-15.11.40:540][435]Cmd: MAP LOAD FILE="../../../../../../Users/u1100496/Documents/GitHub/NL_AssetPipeline/NL_AssetPipeline/Content/NewMap.umap" TEMPLATE=0 SHOWPROGRESS=1 FEATURELEVEL=3
[2019.01.16-15.11.40:540][435]LightingResults: New page: Lighting Build
[2019.01.16-15.11.40:541][435]LoadErrors: New page: Loading map: NewMap.umap
[2019.01.16-15.11.40:541][435]MapCheck: New page: Map Check
[2019.01.16-15.11.40:541][435]LightingResults: New page: Lighting Build
[2019.01.16-15.11.40:565][435]LogEditorServer: Finished looking for orphan Actors (0.000 secs)
[2019.01.16-15.11.40:599][435]Cmd: MAP CHECKDEP NOCLEARLOG
[2019.01.16-15.11.40:660][435]MapCheck: Map check complete: 0 Error(s), 0 Warning(s), took 61.393ms to complete.
[2019.01.16-15.11.40:660][435]LogFileHelpers: Loading map 'NewMap' took 0.121
[2019.01.16-15.12.23:972][599]LogSlate: FSceneViewport::OnFocusLost() reason 2
[2019.01.16-15.12.25:992][835]LogSlate: FSceneViewport::OnFocusLost() reason 2
[2019.01.16-15.12.37:438][205]LogSlate: FSceneViewport::OnFocusLost() reason 2
[2019.01.16-15.12.39:289][421]LogAssetEditorManager: Opening Asset editor for World /Game/WhiteBoxCity.WhiteBoxCity
[2019.01.16-15.12.43:598][421]LogSlate: Window 'Save Content' being destroyed
[2019.01.16-15.12.50:646][248]LogAssetEditorManager: Opening Asset editor for World /Game/WhiteBoxCity.WhiteBoxCity
[2019.01.16-15.12.52:327][248]LogSlate: Window 'Save Content' being destroyed
[2019.01.16-15.12.52:443][248]LogSavePackage: Moving '../../../../../../Users/u1100496/Documents/GitHub/NL_AssetPipeline/NL_AssetPipeline/Saved/WhiteBoxCityC19CA5E64FE6EBD7AFC81FB033A48831.tmp' to '../../../../../../Users/u1100496/Documents/GitHub/NL_AssetPipeline/NL_AssetPipeline/Content/WhiteBoxCity.umap'
[2019.01.16-15.12.52:447][248]LogFileHelpers: Saving map 'WhiteBoxCity' took 0.111
[2019.01.16-15.12.52:450][248]Cmd: MAP LOAD FILE="../../../../../../Users/u1100496/Documents/GitHub/NL_AssetPipeline/NL_AssetPipeline/Content/WhiteBoxCity.umap" TEMPLATE=0 SHOWPROGRESS=1 FEATURELEVEL=3
[2019.01.16-15.12.52:451][248]LightingResults: New page: Lighting Build
[2019.01.16-15.12.52:452][248]LoadErrors: New page: Loading map: WhiteBoxCity.umap
[2019.01.16-15.12.52:452][248]MapCheck: New page: Map Check
[2019.01.16-15.12.52:452][248]LightingResults: New page: Lighting Build
[2019.01.16-15.12.52:474][248]LogEditorServer: Finished looking for orphan Actors (0.000 secs)
[2019.01.16-15.12.52:474][248]LogAIModule: Creating AISystem for world WhiteBoxCity
[2019.01.16-15.12.52:512][248]Cmd: MAP CHECKDEP NOCLEARLOG
[2019.01.16-15.12.52:576][248]MapCheck: Map check complete: 0 Error(s), 0 Warning(s), took 65.017ms to complete.
[2019.01.16-15.12.52:578][248]LogFileHelpers: Loading map 'WhiteBoxCity' took 0.129
[2019.01.16-15.13.01:722][336]LogSlate: FSceneViewport::OnFocusLost() reason 0
[2019.01.16-15.13.07:591][777]LogSlate: Window 'Delete Assets' being destroyed
[2019.01.16-15.13.54:996][991]LogSlate: Window 'Delete Assets' being destroyed
[2019.01.16-15.13.55:006][991]LightingResults: New page: Lighting Build
[2019.01.16-15.13.55:007][991]MapCheck: New page: Map Check
[2019.01.16-15.13.55:007][991]LightingResults: New page: Lighting Build
[2019.01.16-15.13.55:028][991]LogAIModule: Creating AISystem for world Untitled
[2019.01.16-15.13.55:035][991]LoadErrors: New page: New Map
[2019.01.16-15.13.55:038][991]LogAIModule: Creating AISystem for world WhiteBoxCity
[2019.01.16-15.13.57:100][180]LogAIModule: Creating AISystem for world NewMap
[2019.01.16-15.13.57:103][180]LogAssetEditorManager: Opening Asset editor for World /Game/NewMap.NewMap
[2019.01.16-15.13.57:123][180]Cmd: MAP LOAD FILE="../../../../../../Users/u1100496/Documents/GitHub/NL_AssetPipeline/NL_AssetPipeline/Content/NewMap.umap" TEMPLATE=0 SHOWPROGRESS=1 FEATURELEVEL=3
[2019.01.16-15.13.57:123][180]LightingResults: New page: Lighting Build
[2019.01.16-15.13.57:124][180]LoadErrors: New page: Loading map: NewMap.umap
[2019.01.16-15.13.57:124][180]MapCheck: New page: Map Check
[2019.01.16-15.13.57:124][180]LightingResults: New page: Lighting Build
[2019.01.16-15.13.57:146][180]LogEditorServer: Finished looking for orphan Actors (0.000 secs)
[2019.01.16-15.13.57:192][180]Cmd: MAP CHECKDEP NOCLEARLOG
[2019.01.16-15.13.57:253][180]MapCheck: Map check complete: 0 Error(s), 0 Warning(s), took 61.066ms to complete.
[2019.01.16-15.13.57:253][180]LogFileHelpers: Loading map 'NewMap' took 0.130
[2019.01.16-15.15.37:113][ 43]LogEditorViewport: Clicking on Actor (LMB): StaticMeshActor (Cone)
[2019.01.16-15.15.38:069][138]LogEditorViewport: Clicking on Actor (LMB): StaticMeshActor (Cylinder)
[2019.01.16-15.15.38:914][230]LogEditorViewport: Clicking on Actor (LMB): StaticMeshActor (Floor)
[2019.01.16-15.15.54:608][967]LogEditorViewport: Clicking on Actor (LMB): StaticMeshActor (Floor)
[2019.01.16-15.16.03:491][  2]LogSlate: FSceneViewport::OnFocusLost() reason 0
[2019.01.16-15.17.16:169][616]LogAssetEditorManager: Opening Asset editor for World /Game/BlockCity.BlockCity
[2019.01.16-15.17.18:411][616]LogSlate: Window 'Save Content' being destroyed
[2019.01.16-15.17.33:856][257]LogAssetEditorManager: Opening Asset editor for MapBuildDataRegistry /Game/NewMap_BuiltData.NewMap_BuiltData
[2019.01.16-15.17.36:082][491]LogSlate: Window 'NewMap_BuiltData - Generic Asset Editor' being destroyed
[2019.01.16-15.17.36:087][491]LogSlate: Window 'NewMap_BuiltData - Generic Asset Editor' being destroyed
[2019.01.16-15.17.41:470][123]LogAssetEditorManager: Opening Asset editor for World /Game/BlockCity.BlockCity
[2019.01.16-15.17.44:253][123]LogSlate: Window 'Save Content' being destroyed
[2019.01.16-15.17.44:377][123]LogSavePackage: Moving '../../../../../../Users/u1100496/Documents/GitHub/NL_AssetPipeline/NL_AssetPipeline/Saved/BlockCity570613A64ED9AC1F78575290F985C819.tmp' to '../../../../../../Users/u1100496/Documents/GitHub/NL_AssetPipeline/NL_AssetPipeline/Content/BlockCity.umap'
[2019.01.16-15.17.44:380][123]LogFileHelpers: Saving map 'BlockCity' took 0.121
[2019.01.16-15.17.44:382][123]Cmd: MAP LOAD FILE="../../../../../../Users/u1100496/Documents/GitHub/NL_AssetPipeline/NL_AssetPipeline/Content/BlockCity.umap" TEMPLATE=0 SHOWPROGRESS=1 FEATURELEVEL=3
[2019.01.16-15.17.44:382][123]LightingResults: New page: Lighting Build
[2019.01.16-15.17.44:383][123]LoadErrors: New page: Loading map: BlockCity.umap
[2019.01.16-15.17.44:383][123]MapCheck: New page: Map Check
[2019.01.16-15.17.44:383][123]LightingResults: New page: Lighting Build
[2019.01.16-15.17.44:404][123]LogEditorServer: Finished looking for orphan Actors (0.000 secs)
[2019.01.16-15.17.44:404][123]LogAIModule: Creating AISystem for world BlockCity
[2019.01.16-15.17.44:438][123]Cmd: MAP CHECKDEP NOCLEARLOG
[2019.01.16-15.17.44:501][123]MapCheck: Map check complete: 0 Error(s), 0 Warning(s), took 63.083ms to complete.
[2019.01.16-15.17.44:502][123]LogFileHelpers: Loading map 'BlockCity' took 0.122
[2019.01.16-15.18.02:966][955]LogSlate: Window 'Delete Assets' being destroyed
[2019.01.16-15.18.02:977][955]LightingResults: New page: Lighting Build
[2019.01.16-15.18.02:977][955]MapCheck: New page: Map Check
[2019.01.16-15.18.02:978][955]LightingResults: New page: Lighting Build
[2019.01.16-15.18.02:995][955]LogAIModule: Creating AISystem for world Untitled
[2019.01.16-15.18.03:004][955]LoadErrors: New page: New Map
[2019.01.16-15.18.03:007][955]LogAIModule: Creating AISystem for world BlockCity
[2019.01.16-15.18.04:756][139]LogAIModule: Creating AISystem for world NewMap
[2019.01.16-15.18.04:759][139]LogAssetEditorManager: Opening Asset editor for World /Game/NewMap.NewMap
[2019.01.16-15.18.04:777][139]Cmd: MAP LOAD FILE="../../../../../../Users/u1100496/Documents/GitHub/NL_AssetPipeline/NL_AssetPipeline/Content/NewMap.umap" TEMPLATE=0 SHOWPROGRESS=1 FEATURELEVEL=3
[2019.01.16-15.18.04:777][139]LightingResults: New page: Lighting Build
[2019.01.16-15.18.04:778][139]LoadErrors: New page: Loading map: NewMap.umap
[2019.01.16-15.18.04:778][139]MapCheck: New page: Map Check
[2019.01.16-15.18.04:778][139]LightingResults: New page: Lighting Build
[2019.01.16-15.18.04:800][139]LogEditorServer: Finished looking for orphan Actors (0.000 secs)
[2019.01.16-15.18.04:844][139]Cmd: MAP CHECKDEP NOCLEARLOG
[2019.01.16-15.18.04:907][139]MapCheck: Map check complete: 0 Error(s), 0 Warning(s), took 62.816ms to complete.
[2019.01.16-15.18.04:907][139]LogFileHelpers: Loading map 'NewMap' took 0.131
[2019.01.16-15.18.06:647][335]LogEditorViewport: Clicking on Actor (LMB): StaticMeshActor (Cone)
[2019.01.16-15.18.07:790][466]Cmd: DELETE
[2019.01.16-15.18.07:790][466]Cmd: ACTOR DELETE
[2019.01.16-15.18.07:794][466]LogEditorActor: Deleted Actor: StaticMeshActor
[2019.01.16-15.18.07:813][466]LogEditorActor: Deleted 1 Actors (0.023 secs)
[2019.01.16-15.18.08:363][531]LogEditorViewport: Clicking on Actor (LMB): StaticMeshActor (Cylinder)
[2019.01.16-15.18.08:706][566]Cmd: DELETE
[2019.01.16-15.18.08:706][566]Cmd: ACTOR DELETE
[2019.01.16-15.18.08:707][566]LogEditorActor: Deleted Actor: StaticMeshActor
[2019.01.16-15.18.08:728][566]LogEditorActor: Deleted 1 Actors (0.022 secs)
[2019.01.16-15.18.10:778][802]LogEditorViewport: Clicking on Actor (LMB): StaticMeshActor (Floor)
[2019.01.16-15.18.13:305][ 91]LogSlate: FSceneViewport::OnFocusLost() reason 0
[2019.01.16-15.18.17:175][544]LogSlate: FSceneViewport::OnFocusLost() reason 0
[2019.01.16-15.18.17:396][561]LogActorFactory: Actor Factory created Cube
[2019.01.16-15.18.22:497][168]LogActorFactory: Actor Factory created Cube
[2019.01.16-15.18.53:270][617]LogSlate: Took 0.016404 seconds to synchronously load lazily loaded font '../../../Engine/Content/Slate/Fonts/Roboto-Italic.ttf' (157K)
[2019.01.16-15.19.05:207][577]LogSlate: FSceneViewport::OnFocusLost() reason 0
[2019.01.16-15.19.18:205][ 29]LogEditorViewport: Clicking on Actor (LMB): BP_Sky_Sphere_C (Sky Sphere)
[2019.01.16-15.19.19:540][181]LogEditorViewport: Clicking on Actor (LMB): StaticMeshActor (Cube)
[2019.01.16-15.19.20:640][305]LogSlate: FSceneViewport::OnFocusLost() reason 0
[2019.01.16-15.19.31:251][552]LogEditorViewport: Clicking on Actor (LMB): BP_Sky_Sphere_C (Sky Sphere)
[2019.01.16-15.19.34:517][936]LogEditorViewport: Clicking on Actor (LMB): StaticMeshActor (Cube)
[2019.01.16-15.20.45:800][233]LogEditorViewport: Clicking on Actor (LMB): StaticMeshActor (Cube)
[2019.01.16-15.21.03:650][252]LogSlate: FSceneViewport::OnFocusLost() reason 2
[2019.01.16-15.21.06:452][577]LogSlate: FSceneViewport::OnFocusLost() reason 2
[2019.01.16-15.21.10:592][ 62]Cmd: TRANSACTION UNDO
[2019.01.16-15.21.10:593][ 62]LogEditorTransaction: Undo Add Component
[2019.01.16-15.23.58:604][ 48]LogSlate: FSceneViewport::OnFocusLost() reason 0
[2019.01.16-15.24.00:258][235]LogActorFactory: Actor Factory created Plane
[2019.01.16-15.24.03:223][588]LogActorFactory: Actor Factory created Plane
[2019.01.16-15.24.11:367][551]Cmd: DELETE
[2019.01.16-15.24.11:367][551]Cmd: ACTOR DELETE
[2019.01.16-15.24.11:368][551]LogEditorActor: Deleted Actor: StaticMeshActor
[2019.01.16-15.24.11:386][551]LogEditorActor: Deleted 1 Actors (0.019 secs)
[2019.01.16-15.24.12:176][645]LogEditorViewport: Clicking on Actor (LMB): StaticMeshActor (Cube)
[2019.01.16-15.24.13:753][828]Cmd: EDIT COPY
[2019.01.16-15.24.14:712][941]Cmd: EDIT PASTE
[2019.01.16-15.24.32:570][ 56]LogEditorViewport: Clicking on Actor (LMB): BP_Sky_Sphere_C (Sky Sphere)
[2019.01.16-15.24.33:811][200]LogEditorViewport: Clicking on Actor (LMB): StaticMeshActor (Cube)
[2019.01.16-15.24.36:581][521]LogEditorViewport: Clicking on Actor (LMB): BP_Sky_Sphere_C (Sky Sphere)
[2019.01.16-15.24.42:638][231]LogEditorViewport: Clicking on Actor (LMB): StaticMeshActor (Cube2)
[2019.01.16-15.24.47:358][783]Cmd: EDIT COPY
[2019.01.16-15.24.48:503][919]Cmd: EDIT PASTE
[2019.01.16-15.24.53:512][511]LogEditorViewport: Clicking on Actor (LMB): BP_Sky_Sphere_C (Sky Sphere)
[2019.01.16-15.25.16:401][241]LogEditorViewport: Clicking on Actor (LMB): StaticMeshActor (Cube3)
[2019.01.16-15.26.07:597][876]LogEditorViewport: Clicking on Actor (LMB): StaticMeshActor (Cube)
[2019.01.16-15.26.08:707][  3]LogEditorViewport: Clicking on Actor (LMB): StaticMeshActor (Cube2)
[2019.01.16-15.26.09:987][150]LogEditorViewport: Clicking on Actor (LMB): StaticMeshActor (Cube4)
[2019.01.16-15.26.23:527][725]LogSlate: FSceneViewport::OnFocusLost() reason 0
[2019.01.16-15.26.26:612][ 85]Cmd: EDIT COPY
[2019.01.16-15.26.27:763][223]Cmd: EDIT PASTE
[2019.01.16-15.27.00:113][995]LogSlate: FSceneViewport::OnFocusLost() reason 0
[2019.01.16-15.27.46:187][447]LogMaterial: Display: Missing cached shader map for material LayerVisMaterial, compiling. 
[2019.01.16-15.27.46:210][447]LogShaderCompilers: Display: Shaders left to compile 8
[2019.01.16-15.27.46:210][447]LogMaterial: Display: Missing cached shader map for material SelectBrushMaterial, compiling. 
[2019.01.16-15.27.46:232][447]LogMaterial: Display: Missing cached shader map for material SelectBrushMaterial, compiling. 
[2019.01.16-15.27.46:262][447]LogShaderCompilers: Display: Shaders left to compile 20
[2019.01.16-15.27.46:262][447]LogShaderCompilers: Display: Shaders left to compile 10
[2019.01.16-15.27.46:262][447]LogShaderCompilers: Display: Shaders left to compile 20
[2019.01.16-15.27.46:262][447]LogMaterial: Display: Missing cached shader map for material MaskBrushMaterial, compiling. 
[2019.01.16-15.27.46:305][447]LogMaterial: Display: Missing cached shader map for material LandscapeLayerUsageMaterial, compiling. 
[2019.01.16-15.27.46:347][447]LogMaterial: Display: Missing cached shader map for material CircleBrushMaterial, compiling. 
[2019.01.16-15.27.46:361][447]LogMaterial: Display: Missing cached shader map for material CircleBrushMaterial, compiling. 
[2019.01.16-15.27.46:379][447]LogMaterial: Display: Missing cached shader map for material CircleBrushMaterial, compiling. 
[2019.01.16-15.27.46:395][447]LogMaterial: Display: Missing cached shader map for material CircleBrushMaterial, compiling. 
[2019.01.16-15.27.46:412][447]LogMaterial: Display: Missing cached shader map for material AlphaBrushMaterial, compiling. 
[2019.01.16-15.27.46:427][447]LogMaterial: Display: Missing cached shader map for material CircleBrushMaterial, compiling. 
[2019.01.16-15.27.46:444][447]LogMaterial: Display: Missing cached shader map for material MaskBrushMaterial, compiling. 
[2019.01.16-15.27.46:454][447]LogActorComponent: UnregisterComponent: (/Engine/Transient.SphereBrushComponent) Not registered. Aborting.
[2019.01.16-15.27.46:456][447]LogTexture: Display: Building textures: Texture2D_2 (G8, 128X128)
[2019.01.16-15.27.48:571][629]LogShaderCompilers: Display: Shaders left to compile 178
[2019.01.16-15.27.49:794][729]LogShaderCompilers: Display: Shaders left to compile 168
[2019.01.16-15.27.49:816][731]LogShaderCompilers: Display: Shaders left to compile 158
[2019.01.16-15.27.49:855][734]LogShaderCompilers: Display: Shaders left to compile 148
[2019.01.16-15.27.51:399][872]LogShaderCompilers: Display: Shaders left to compile 138
[2019.01.16-15.27.52:206][946]LogShaderCompilers: Display: Shaders left to compile 128
[2019.01.16-15.27.52:557][977]LogShaderCompilers: Display: Shaders left to compile 118
[2019.01.16-15.27.52:589][980]LogShaderCompilers: Display: Shaders left to compile 108
[2019.01.16-15.27.54:381][140]LogShaderCompilers: Display: Shaders left to compile 98
[2019.01.16-15.27.55:272][219]LogShaderCompilers: Display: Shaders left to compile 88
[2019.01.16-15.27.55:654][252]LogShaderCompilers: Display: Shaders left to compile 78
[2019.01.16-15.27.55:665][253]LogShaderCompilers: Display: Shaders left to compile 68
[2019.01.16-15.27.57:228][396]LogShaderCompilers: Display: Shaders left to compile 58
[2019.01.16-15.27.58:021][468]LogShaderCompilers: Display: Shaders left to compile 48
[2019.01.16-15.27.58:479][511]LogShaderCompilers: Display: Shaders left to compile 38
[2019.01.16-15.27.58:513][514]LogShaderCompilers: Display: Shaders left to compile 28
[2019.01.16-15.28.00:247][666]LogShaderCompilers: Display: Shaders left to compile 18
[2019.01.16-15.28.00:916][728]LogShaderCompilers: Display: Shaders left to compile 8
[2019.01.16-15.28.24:701][427]LogSlate: FSceneViewport::OnFocusLost() reason 2
[2019.01.16-15.28.24:823][427]LogSavePackage: Moving '../../../../../../Users/u1100496/Documents/GitHub/NL_AssetPipeline/NL_AssetPipeline/Saved/NewMap_Auto1B3B6A75245F7D28867E50BB3005AAA2C.tmp' to '../../../../../../Users/u1100496/Documents/GitHub/NL_AssetPipeline/NL_AssetPipeline/Saved/Autosaves/Game/NewMap_Auto1.umap'
[2019.01.16-15.28.24:826][427]LogFileHelpers: Editor autosave (incl. sublevels) for '/Game/NewMap' took 0.082
[2019.01.16-15.28.24:826][427]LogFileHelpers: Editor autosave (incl. sublevels) for all levels took 0.082
[2019.01.16-15.29.05:413][178]LogSlate: FSceneViewport::OnFocusLost() reason 0
[2019.01.16-15.31.58:925][982]LogEditorViewport: Clicking on Actor (LMB): StaticMeshActor (Cube8)
[2019.01.16-15.32.05:944][770]Cmd: EDIT COPY
[2019.01.16-15.32.06:786][871]Cmd: EDIT PASTE
[2019.01.16-15.32.26:808][205]Cmd: EDIT COPY
[2019.01.16-15.32.27:209][253]Cmd: EDIT PASTE
[2019.01.16-15.32.47:484][560]Cmd: EDIT COPY
[2019.01.16-15.32.48:269][654]Cmd: EDIT PASTE
[2019.01.16-15.33.34:668][961]Cmd: EDIT COPY
[2019.01.16-15.33.35:844][100]Cmd: EDIT PASTE
[2019.01.16-15.33.55:738][454]Cmd: EDIT PASTE
[2019.01.16-15.34.07:520][834]Cmd: EDIT PASTE
[2019.01.16-15.34.30:115][493]LogEditorViewport: Clicking on Actor (LMB): BP_Sky_Sphere_C (Sky Sphere)
[2019.01.16-15.34.32:855][815]LogEditorViewport: Clicking on Actor (LMB): StaticMeshActor (Floor)
[2019.01.16-15.34.34:169][966]Cmd: DELETE
[2019.01.16-15.34.34:169][966]Cmd: ACTOR DELETE
[2019.01.16-15.34.34:174][966]LogEditorActor: Deleted Actor: StaticMeshActor
[2019.01.16-15.34.34:195][966]LogEditorActor: Deleted 1 Actors (0.026 secs)
[2019.01.16-15.35.13:091][626]LogSlate: FSceneViewport::OnFocusLost() reason 0
[2019.01.16-15.35.26:195][193]LogSlate: FSceneViewport::OnFocusLost() reason 2
[2019.01.16-15.35.35:798][333]LogSlate: Window 'Color Picker' being destroyed
[2019.01.16-15.35.39:111][724]LogEditorViewport: Clicking on Actor (LMB): StaticMeshActor (Cube103)
[2019.01.16-15.35.43:766][226]LogEditorViewport: Clicking on Actor (LMB): StaticMeshActor (Cube141)
[2019.01.16-15.35.45:189][390]LogEditorViewport: Clicking on Actor (LMB): StaticMeshActor (Cube198)
[2019.01.16-15.35.45:859][464]LogEditorViewport: Clicking on Actor (LMB): StaticMeshActor (Cube86)
[2019.01.16-15.35.58:229][925]LogEditorViewport: Clicking on Actor (LMB): StaticMeshActor (Cube243)
[2019.01.16-15.36.12:901][611]LogEditorViewport: Clicking on Actor (LMB): StaticMeshActor (Cube152)
[2019.01.16-15.36.43:951][928]LogSlate: FSceneViewport::OnFocusLost() reason 0
[2019.01.16-15.36.51:083][746]LogSlate: FSceneViewport::OnFocusLost() reason 2
[2019.01.16-15.36.59:239][713]Cmd: TRANSACTION UNDO
[2019.01.16-15.36.59:239][713]LogEditorTransaction: Undo Edit Color View Mode
[2019.01.16-15.36.59:724][747]Cmd: TRANSACTION UNDO
[2019.01.16-15.36.59:724][747]LogEditorTransaction: Undo Filling Per-Instance Vertex Colors
[2019.01.16-15.37.03:362][175]LogSlate: FSceneViewport::OnFocusLost() reason 2
[2019.01.16-15.37.15:178][191]LogEditorViewport: Clicking Background
[2019.01.16-15.37.17:445][456]LogEditorViewport: Clicking on Actor (LMB): StaticMeshActor (Cube217)
[2019.01.16-15.37.18:221][542]LogEditorViewport: Clicking on Actor (LMB): StaticMeshActor (Cube187)
[2019.01.16-15.37.19:002][629]LogEditorViewport: Clicking on Actor (LMB): StaticMeshActor (Cube152)
[2019.01.16-15.37.37:475][832]Cmd: TRANSACTION UNDO
[2019.01.16-15.37.37:475][832]LogEditorTransaction: Undo Clicking on Actors
[2019.01.16-15.37.37:837][869]Cmd: TRANSACTION UNDO
[2019.01.16-15.37.37:837][869]LogEditorTransaction: Undo Clicking on Actors
[2019.01.16-15.37.38:181][905]Cmd: TRANSACTION UNDO
[2019.01.16-15.37.38:181][905]LogEditorTransaction: Undo Clicking on Actors
[2019.01.16-15.37.38:581][953]Cmd: TRANSACTION UNDO
[2019.01.16-15.37.38:581][953]LogEditorTransaction: Undo Clicking Background
[2019.01.16-15.37.39:247][ 24]Cmd: TRANSACTION UNDO
[2019.01.16-15.37.39:247][ 24]LogEditorTransaction: Undo Vertex Paint
[2019.01.16-15.37.40:370][150]Cmd: TRANSACTION UNDO
[2019.01.16-15.37.40:370][150]LogEditorTransaction: Undo Edit Color View Mode
[2019.01.16-15.37.43:657][541]LogSlate: FSceneViewport::OnFocusLost() reason 0
[2019.01.16-15.37.45:062][701]LogEditorViewport: Clicking on Actor (LMB): BP_Sky_Sphere_C (Sky Sphere)
[2019.01.16-15.38.24:753][334]LogSlate: FSceneViewport::OnFocusLost() reason 2
[2019.01.16-15.38.24:989][334]LogSavePackage: Moving '../../../../../../Users/u1100496/Documents/GitHub/NL_AssetPipeline/NL_AssetPipeline/Saved/NewMap_Auto2AD932B9B4400A0EBFE8B5E9290D5E97D.tmp' to '../../../../../../Users/u1100496/Documents/GitHub/NL_AssetPipeline/NL_AssetPipeline/Saved/Autosaves/Game/NewMap_Auto2.umap'
[2019.01.16-15.38.25:006][334]LogFileHelpers: Editor autosave (incl. sublevels) for '/Game/NewMap' took 0.223
[2019.01.16-15.38.25:006][334]LogFileHelpers: Editor autosave (incl. sublevels) for all levels took 0.223
[2019.01.16-15.39.05:232][113]LogSlate: FSceneViewport::OnFocusLost() reason 2
[2019.01.16-15.39.11:137][801]Cmd: OBJ SAVEPACKAGE PACKAGE="/Game/NewMap" FILE="../../../../../../Users/u1100496/Documents/GitHub/NL_AssetPipeline/NL_AssetPipeline/Content/NewMap.umap" SILENT=true AUTOSAVING=false KEEPDIRTY=false
[2019.01.16-15.39.11:342][801]LogSavePackage: Moving '../../../../../../Users/u1100496/Documents/GitHub/NL_AssetPipeline/NL_AssetPipeline/Saved/NewMapE6149DAC4AA5F7F1B3B3B79CF2C88377.tmp' to '../../../../../../Users/u1100496/Documents/GitHub/NL_AssetPipeline/NL_AssetPipeline/Content/NewMap.umap'
[2019.01.16-15.39.11:363][801]Cmd: OBJ SAVEPACKAGE PACKAGE="/Game/NewMap_BuiltData" FILE="../../../../../../Users/u1100496/Documents/GitHub/NL_AssetPipeline/NL_AssetPipeline/Content/NewMap_BuiltData.uasset" SILENT=true
[2019.01.16-15.39.11:385][801]LogSavePackage: Moving '../../../../../../Users/u1100496/Documents/GitHub/NL_AssetPipeline/NL_AssetPipeline/Saved/NewMap_BuiltData4B08BD684C9A4EAC845AC0AA896D046B.tmp' to '../../../../../../Users/u1100496/Documents/GitHub/NL_AssetPipeline/NL_AssetPipeline/Content/NewMap_BuiltData.uasset'
[2019.01.16-15.39.13:021][993]LogSlate: FSceneViewport::OnFocusLost() reason 0
[2019.01.16-15.39.13:698][  6]LogSlate: Window 'NL_AssetPipeline - Unreal Editor' being destroyed
[2019.01.16-15.39.13:918][  7]Cmd: QUIT_EDITOR
[2019.01.16-15.39.13:934][  7]LogWindowsTextInputMethodSystem: Display: IME system now deactivated.
[2019.01.16-15.39.13:949][  7]LogExit: Preparing to exit.
[2019.01.16-15.39.14:871][  7]LogExit: Editor shut down
[2019.01.16-15.39.14:871][  7]LogExit: Transaction tracking system shut down
[2019.01.16-15.39.15:503][  7]LogExit: Object subsystem successfully closed.
[2019.01.16-15.39.15:524][  7]LogShaderCompilers: Display: Shaders left to compile 0
[2019.01.16-15.39.15:528][  7]LogD3D11RHI: Shutdown
[2019.01.16-15.39.15:528][  7]LogD3D11RHI: CleanupD3DDevice
[2019.01.16-15.39.15:530][  7]LogD3D11RHI: ~FD3D11DynamicRHI
[2019.01.16-15.39.15:562][  7]LogModuleManager: Shutting down and abandoning module HierarchicalLODOutliner (612)
[2019.01.16-15.39.15:562][  7]LogModuleManager: Shutting down and abandoning module SceneOutliner (610)
[2019.01.16-15.39.15:562][  7]LogModuleManager: Shutting down and abandoning module AddContentDialog (608)
[2019.01.16-15.39.15:562][  7]LogModuleManager: Shutting down and abandoning module WidgetCarousel (607)
[2019.01.16-15.39.15:562][  7]LogModuleManager: Shutting down and abandoning module EditorWidgets (604)
[2019.01.16-15.39.15:562][  7]LogModuleManager: Shutting down and abandoning module CollectionManager (602)
[2019.01.16-15.39.15:563][  7]LogModuleManager: Shutting down and abandoning module HierarchicalLODUtilities (600)
[2019.01.16-15.39.15:563][  7]LogModuleManager: Shutting down and abandoning module StatsViewer (598)
[2019.01.16-15.39.15:563][  7]LogModuleManager: Shutting down and abandoning module FoliageEdit (596)
[2019.01.16-15.39.15:563][  7]LogModuleManager: Shutting down and abandoning module LandscapeEditor (594)
[2019.01.16-15.39.15:563][  7]LogModuleManager: Shutting down and abandoning module MeshPaintMode (592)
[2019.01.16-15.39.15:563][  7]LogModuleManager: Shutting down and abandoning module SceneDepthPickerMode (590)
[2019.01.16-15.39.15:563][  7]LogModuleManager: Shutting down and abandoning module ActorPickerMode (588)
[2019.01.16-15.39.15:563][  7]LogModuleManager: Shutting down and abandoning module GeometryMode (586)
[2019.01.16-15.39.15:563][  7]LogModuleManager: Shutting down and abandoning module TextureAlignMode (584)
[2019.01.16-15.39.15:563][  7]LogModuleManager: Shutting down and abandoning module BspMode (582)
[2019.01.16-15.39.15:563][  7]LogModuleManager: Shutting down and abandoning module PIEPreviewDeviceProfileSelector (580)
[2019.01.16-15.39.15:563][  7]LogModuleManager: Shutting down and abandoning module SequenceRecorderSections (578)
[2019.01.16-15.39.15:563][  7]LogModuleManager: Shutting down and abandoning module AutomationWorker (576)
[2019.01.16-15.39.15:564][  7]LogModuleManager: Shutting down and abandoning module AudioCaptureEditor (574)
[2019.01.16-15.39.15:564][  7]LogModuleManager: Shutting down and abandoning module SequenceRecorder (573)
[2019.01.16-15.39.15:564][  7]LogModuleManager: Shutting down and abandoning module MatineeToLevelSequence (570)
[2019.01.16-15.39.15:564][  7]LogModuleManager: Shutting down and abandoning module LevelSequenceEditor (568)
[2019.01.16-15.39.15:564][  7]LogModuleManager: Shutting down and abandoning module PlacementMode (567)
[2019.01.16-15.39.15:564][  7]LogModuleManager: Shutting down and abandoning module MaterialEditor (566)
[2019.01.16-15.39.15:564][  7]LogModuleManager: Shutting down and abandoning module WmfMediaFactory (562)
[2019.01.16-15.39.15:564][  7]LogModuleManager: Shutting down and abandoning module WmfMediaEditor (560)
[2019.01.16-15.39.15:564][  7]LogModuleManager: Shutting down and abandoning module MediaPlayerEditor (558)
[2019.01.16-15.39.15:564][  7]LogModuleManager: Shutting down and abandoning module OpenExrWrapper (556)
[2019.01.16-15.39.15:564][  7]LogModuleManager: Shutting down and abandoning module ImgMediaFactory (554)
[2019.01.16-15.39.15:564][  7]LogModuleManager: Shutting down and abandoning module ImgMediaEditor (552)
[2019.01.16-15.39.15:564][  7]LogModuleManager: Shutting down and abandoning module AvfMediaFactory (550)
[2019.01.16-15.39.15:564][  7]LogModuleManager: Shutting down and abandoning module AvfMediaEditor (548)
[2019.01.16-15.39.15:564][  7]LogModuleManager: Shutting down and abandoning module AndroidMediaFactory (546)
[2019.01.16-15.39.15:564][  7]LogModuleManager: Shutting down and abandoning module AndroidMediaEditor (544)
[2019.01.16-15.39.15:564][  7]LogModuleManager: Shutting down and abandoning module MagicLeapCameraPreviewFactory (542)
[2019.01.16-15.39.15:564][  7]LogModuleManager: Shutting down and abandoning module MagicLeapMediaFactory (540)
[2019.01.16-15.39.15:564][  7]LogModuleManager: Shutting down and abandoning module MagicLeapMediaEditor (538)
[2019.01.16-15.39.15:565][  7]LogModuleManager: Shutting down and abandoning module CharacterAI (536)
[2019.01.16-15.39.15:565][  7]LogModuleManager: Shutting down and abandoning module SmartSnapping (534)
[2019.01.16-15.39.15:565][  7]LogModuleManager: Shutting down and abandoning module SessionServices (532)
[2019.01.16-15.39.15:565][  7]LogModuleManager: Shutting down and abandoning module ViewportSnapping (530)
[2019.01.16-15.39.15:565][  7]LogModuleManager: Shutting down and abandoning module ViewportInteraction (528)
[2019.01.16-15.39.15:565][  7]LogModuleManager: Shutting down and abandoning module ClothPainter (526)
[2019.01.16-15.39.15:565][  7]LogModuleManager: Shutting down and abandoning module SkeletalMeshEditor (525)
[2019.01.16-15.39.15:565][  7]LogModuleManager: Shutting down and abandoning module LogVisualizer (522)
[2019.01.16-15.39.15:565][  7]LogModuleManager: Shutting down and abandoning module IntroTutorials (520)
[2019.01.16-15.39.15:565][  7]LogModuleManager: Shutting down and abandoning module GameProjectGeneration (519)
[2019.01.16-15.39.15:565][  7]LogModuleManager: Shutting down and abandoning module LuminPlatformEditor (516)
[2019.01.16-15.39.15:565][  7]LogModuleManager: Shutting down and abandoning module IOSPlatformEditor (514)
[2019.01.16-15.39.15:565][  7]LogModuleManager: Shutting down and abandoning module HTML5PlatformEditor (512)
[2019.01.16-15.39.15:565][  7]LogModuleManager: Shutting down and abandoning module AndroidPlatformEditor (510)
[2019.01.16-15.39.15:565][  7]LogModuleManager: Shutting down and abandoning module AndroidDeviceDetection (509)
[2019.01.16-15.39.15:912][  7]LogModuleManager: Shutting down and abandoning module WindowsPlatformEditor (506)
[2019.01.16-15.39.15:912][  7]LogModuleManager: Shutting down and abandoning module LuminRuntimeSettings (504)
[2019.01.16-15.39.15:912][  7]LogModuleManager: Shutting down and abandoning module IOSRuntimeSettings (502)
[2019.01.16-15.39.15:912][  7]LogModuleManager: Shutting down and abandoning module AndroidRuntimeSettings (500)
[2019.01.16-15.39.15:912][  7]LogModuleManager: Shutting down and abandoning module InputBindingEditor (498)
[2019.01.16-15.39.15:912][  7]LogModuleManager: Shutting down and abandoning module MergeActors (496)
[2019.01.16-15.39.15:912][  7]LogModuleManager: Shutting down and abandoning module LocalizationDashboard (494)
[2019.01.16-15.39.15:912][  7]LogModuleManager: Shutting down and abandoning module LocalizationService (493)
[2019.01.16-15.39.15:913][  7]LogModuleManager: Shutting down and abandoning module HardwareTargeting (490)
[2019.01.16-15.39.15:913][  7]LogModuleManager: Shutting down and abandoning module DeviceProfileEditor (488)
[2019.01.16-15.39.15:913][  7]LogModuleManager: Shutting down and abandoning module UndoHistory (486)
[2019.01.16-15.39.15:913][  7]LogModuleManager: Shutting down and abandoning module XmlParser (484)
[2019.01.16-15.39.15:913][  7]LogModuleManager: Shutting down and abandoning module Blutility (482)
[2019.01.16-15.39.15:913][  7]LogModuleManager: Shutting down and abandoning module ProjectSettingsViewer (480)
[2019.01.16-15.39.15:913][  7]LogModuleManager: Shutting down and abandoning module ProjectTargetPlatformEditor (479)
[2019.01.16-15.39.15:913][  7]LogModuleManager: Shutting down and abandoning module EditorSettingsViewer (476)
[2019.01.16-15.39.15:913][  7]LogModuleManager: Shutting down and abandoning module SettingsEditor (474)
[2019.01.16-15.39.15:913][  7]LogModuleManager: Shutting down and abandoning module ProjectLauncher (472)
[2019.01.16-15.39.15:913][  7]LogModuleManager: Shutting down and abandoning module SessionFrontend (470)
[2019.01.16-15.39.15:913][  7]LogModuleManager: Shutting down and abandoning module ProfilerClient (468)
[2019.01.16-15.39.15:913][  7]LogModuleManager: Shutting down and abandoning module DeviceManager (466)
[2019.01.16-15.39.15:913][  7]LogModuleManager: Shutting down and abandoning module TargetDeviceServices (465)
[2019.01.16-15.39.15:976][  7]LogModuleManager: Shutting down and abandoning module AutomationController (462)
[2019.01.16-15.39.15:976][  7]LogModuleManager: Shutting down and abandoning module AutomationWindow (460)
[2019.01.16-15.39.15:976][  7]LogModuleManager: Shutting down and abandoning module Layers (458)
[2019.01.16-15.39.15:976][  7]LogModuleManager: Shutting down and abandoning module ComponentVisualizers (456)
[2019.01.16-15.39.15:976][  7]LogModuleManager: Shutting down and abandoning module DetailCustomizations (454)
[2019.01.16-15.39.15:976][  7]LogModuleManager: Shutting down and abandoning module PackagesDialog (452)
[2019.01.16-15.39.15:976][  7]LogModuleManager: Shutting down and abandoning module Persona (450)
[2019.01.16-15.39.15:976][  7]LogModuleManager: Shutting down and abandoning module AdvancedPreviewScene (449)
[2019.01.16-15.39.15:976][  7]LogModuleManager: Shutting down and abandoning module AnimGraph (447)
[2019.01.16-15.39.15:976][  7]LogModuleManager: Shutting down and abandoning module Kismet (444)
[2019.01.16-15.39.15:976][  7]LogModuleManager: Shutting down and abandoning module GraphEditor (442)
[2019.01.16-15.39.15:976][  7]LogModuleManager: Shutting down and abandoning module ClassViewer (440)
[2019.01.16-15.39.15:976][  7]LogModuleManager: Shutting down and abandoning module Toolbox (438)
[2019.01.16-15.39.15:976][  7]LogModuleManager: Shutting down and abandoning module ModuleUI (436)
[2019.01.16-15.39.15:976][  7]LogModuleManager: Shutting down and abandoning module MovieSceneTools (434)
[2019.01.16-15.39.15:976][  7]LogModuleManager: Shutting down and abandoning module OutputLog (432)
[2019.01.16-15.39.15:976][  7]LogModuleManager: Shutting down and abandoning module GammaUI (430)
[2019.01.16-15.39.15:976][  7]LogModuleManager: Shutting down and abandoning module Documentation (428)
[2019.01.16-15.39.15:977][  7]LogModuleManager: Shutting down and abandoning module MovieSceneTracks (426)
[2019.01.16-15.39.15:977][  7]LogModuleManager: Shutting down and abandoning module MovieScene (424)
[2019.01.16-15.39.15:977][  7]LogModuleManager: Shutting down and abandoning module StreamingPauseRendering (422)
[2019.01.16-15.39.15:977][  7]LogModuleManager: Shutting down and abandoning module LauncherPlatform (420)
[2019.01.16-15.39.15:977][  7]LogModuleManager: Shutting down and abandoning module AnalyticsET (418)
[2019.01.16-15.39.15:977][  7]LogModuleManager: Shutting down and abandoning module PortalServices (416)
[2019.01.16-15.39.15:977][  7]LogModuleManager: Shutting down and abandoning module PortalRpc (414)
[2019.01.16-15.39.15:977][  7]LogModuleManager: Shutting down and abandoning module MessagingRpc (412)
[2019.01.16-15.39.15:977][  7]LogModuleManager: Shutting down and abandoning module AIModule (410)
[2019.01.16-15.39.15:977][  7]LogModuleManager: Shutting down and abandoning module GameplayDebugger (409)
[2019.01.16-15.39.15:977][  7]LogModuleManager: Shutting down and abandoning module AITestSuite (407)
[2019.01.16-15.39.15:977][  7]LogModuleManager: Shutting down and abandoning module NavigationSystem (405)
[2019.01.16-15.39.15:977][  7]LogModuleManager: Shutting down and abandoning module DesktopPlatform (402)
[2019.01.16-15.39.15:977][  7]LogModuleManager: Shutting down and abandoning module ProfilerService (400)
[2019.01.16-15.39.16:151][  7]LogModuleManager: Shutting down and abandoning module TaskGraph (398)
[2019.01.16-15.39.16:151][  7]LogModuleManager: Shutting down and abandoning module SteamVRController (396)
[2019.01.16-15.39.16:151][  7]LogModuleManager: Shutting down and abandoning module ProceduralMeshComponentEditor (394)
[2019.01.16-15.39.16:151][  7]LogModuleManager: Shutting down and abandoning module ProceduralMeshComponent (392)
[2019.01.16-15.39.16:151][  7]LogModuleManager: Shutting down and abandoning module OculusInput (390)
[2019.01.16-15.39.16:151][  7]LogModuleManager: Shutting down and abandoning module MobilePatchingUtils (388)
[2019.01.16-15.39.16:151][  7]LogModuleManager: Shutting down and abandoning module EditableMesh (386)
[2019.01.16-15.39.16:151][  7]LogModuleManager: Shutting down and abandoning module CustomMeshComponent (384)
[2019.01.16-15.39.16:151][  7]LogModuleManager: Shutting down and abandoning module CableComponent (382)
[2019.01.16-15.39.16:151][  7]LogModuleManager: Shutting down and abandoning module AudioCapture (380)
[2019.01.16-15.39.16:151][  7]LogModuleManager: Shutting down and abandoning module ArchVisCharacter (378)
[2019.01.16-15.39.16:151][  7]LogModuleManager: Shutting down and abandoning module AndroidPermission (376)
[2019.01.16-15.39.16:151][  7]LogModuleManager: Shutting down and abandoning module NUTUnrealEngine4 (374)
[2019.01.16-15.39.16:151][  7]LogModuleManager: Shutting down and abandoning module NetcodeUnitTest (372)
[2019.01.16-15.39.16:151][  7]LogModuleManager: Shutting down and abandoning module MediaCompositingEditor (370)
[2019.01.16-15.39.16:151][  7]LogModuleManager: Shutting down and abandoning module MediaCompositing (368)
[2019.01.16-15.39.16:151][  7]LogModuleManager: Shutting down and abandoning module LinearTimecode (366)
[2019.01.16-15.39.16:151][  7]LogModuleManager: Shutting down and abandoning module ImgMedia (364)
[2019.01.16-15.39.16:153][  7]LogModuleManager: Shutting down and abandoning module HTML5Networking (362)
[2019.01.16-15.39.16:153][  7]LogModuleManager: Shutting down and abandoning module GeometryCacheTracks (360)
[2019.01.16-15.39.16:153][  7]LogModuleManager: Shutting down and abandoning module GeometryCacheSequencer (358)
[2019.01.16-15.39.16:153][  7]LogModuleManager: Shutting down and abandoning module BackChannel (356)
[2019.01.16-15.39.16:153][  7]LogModuleManager: Shutting down and abandoning module AppleVision (354)
[2019.01.16-15.39.16:153][  7]LogModuleManager: Shutting down and abandoning module AppleImageUtils (352)
[2019.01.16-15.39.16:153][  7]LogModuleManager: Shutting down and abandoning module AlembicImporter (350)
[2019.01.16-15.39.16:153][  7]LogModuleManager: Shutting down and abandoning module AlembicLibrary (349)
[2019.01.16-15.39.16:153][  7]LogModuleManager: Shutting down and abandoning module GeometryCache (348)
[2019.01.16-15.39.16:153][  7]LogModuleManager: Shutting down and abandoning module GeometryCacheEd (347)
[2019.01.16-15.39.16:153][  7]LogModuleManager: Shutting down and abandoning module DatasmithContentEditor (342)
[2019.01.16-15.39.16:153][  7]LogModuleManager: Shutting down and abandoning module DatasmithContent (340)
[2019.01.16-15.39.16:154][  7]LogModuleManager: Shutting down and abandoning module SpeedTreeImporter (338)
[2019.01.16-15.39.16:154][  7]LogModuleManager: Shutting down and abandoning module PluginBrowser (336)
[2019.01.16-15.39.16:154][  7]LogModuleManager: Shutting down and abandoning module MobileLauncherProfileWizard (334)
[2019.01.16-15.39.16:154][  7]LogModuleManager: Shutting down and abandoning module PolygonModeling (332)
[2019.01.16-15.39.16:154][  7]LogModuleManager: Shutting down and abandoning module MeshEditor (330)
[2019.01.16-15.39.16:154][  7]LogModuleManager: Shutting down and abandoning module CryptoKeysOpenSSL (328)
[2019.01.16-15.39.16:154][  7]LogModuleManager: Shutting down and abandoning module CryptoKeys (326)
[2019.01.16-15.39.16:154][  7]LogModuleManager: Shutting down and abandoning module VisualStudioSourceCodeAccess (324)
[2019.01.16-15.39.16:154][  7]LogModuleManager: Shutting down and abandoning module VisualStudioCodeSourceCodeAccess (322)
[2019.01.16-15.39.16:154][  7]LogModuleManager: Shutting down and abandoning module UObjectPlugin (320)
[2019.01.16-15.39.16:154][  7]LogModuleManager: Shutting down and abandoning module SubversionSourceControl (318)
[2019.01.16-15.39.16:154][  7]LogModuleManager: Shutting down and abandoning module PerforceSourceControl (316)
[2019.01.16-15.39.16:154][  7]LogModuleManager: Shutting down and abandoning module GitSourceControl (314)
[2019.01.16-15.39.16:154][  7]LogModuleManager: Shutting down and abandoning module SourceControl (313)
[2019.01.16-15.39.16:154][  7]LogModuleManager: Shutting down and abandoning module CLionSourceCodeAccess (310)
[2019.01.16-15.39.16:154][  7]LogModuleManager: Shutting down and abandoning module LightPropagationVolumeEditor (308)
[2019.01.16-15.39.16:154][  7]LogModuleManager: Shutting down and abandoning module PaperTiledImporter (306)
[2019.01.16-15.39.16:154][  7]LogModuleManager: Shutting down and abandoning module PaperSpriteSheetImporter (304)
[2019.01.16-15.39.16:154][  7]LogModuleManager: Shutting down and abandoning module Paper2DEditor (302)
[2019.01.16-15.39.16:154][  7]LogModuleManager: Shutting down and abandoning module MeshPaint (301)
[2019.01.16-15.39.16:154][  7]LogModuleManager: Shutting down and abandoning module RuntimePhysXCooking (298)
[2019.01.16-15.39.16:154][  7]LogModuleManager: Shutting down and abandoning module PhysXVehiclesEditor (296)
[2019.01.16-15.39.16:154][  7]LogModuleManager: Shutting down and abandoning module PhysXVehicles (294)
[2019.01.16-15.39.16:154][  7]LogModuleManager: Shutting down and abandoning module OculusEditor (292)
[2019.01.16-15.39.16:154][  7]LogModuleManager: Shutting down and abandoning module LocationServicesBPLibrary (290)
[2019.01.16-15.39.16:154][  7]LogModuleManager: Shutting down and abandoning module ImmediatePhysicsEditor (288)
[2019.01.16-15.39.16:154][  7]LogModuleManager: Shutting down and abandoning module ImmediatePhysics (286)
[2019.01.16-15.39.16:154][  7]LogModuleManager: Shutting down and abandoning module ActorSequence (284)
[2019.01.16-15.39.16:154][  7]LogModuleManager: Shutting down and abandoning module UdpMessaging (282)
[2019.01.16-15.39.16:256][  7]LogModuleManager: Shutting down and abandoning module TcpMessaging (280)
[2019.01.16-15.39.16:357][  7]LogModuleManager: Shutting down and abandoning module MagicLeapAudio (278)
[2019.01.16-15.39.16:357][  7]LogModuleManager: Shutting down and abandoning module GameplayTagsEditor (276)
[2019.01.16-15.39.16:357][  7]LogModuleManager: Shutting down and abandoning module FacialAnimationEditor (274)
[2019.01.16-15.39.16:357][  7]LogModuleManager: Shutting down and abandoning module FacialAnimation (272)
[2019.01.16-15.39.16:357][  7]LogModuleManager: Shutting down and abandoning module DataValidation (270)
[2019.01.16-15.39.16:357][  7]LogModuleManager: Shutting down and abandoning module AssetManagerEditor (268)
[2019.01.16-15.39.16:357][  7]LogModuleManager: Shutting down and abandoning module LevelEditor (267)
[2019.01.16-15.39.16:357][  7]LogModuleManager: Shutting down and abandoning module PixelInspectorModule (266)
[2019.01.16-15.39.16:357][  7]LogModuleManager: Shutting down and abandoning module CommonMenuExtensions (264)
[2019.01.16-15.39.16:357][  7]LogModuleManager: Shutting down and abandoning module MainFrame (262)
[2019.01.16-15.39.16:357][  7]LogModuleManager: Shutting down and abandoning module HotReload (261)
[2019.01.16-15.39.16:358][  7]LogModuleManager: Shutting down and abandoning module ContentBrowser (257)
[2019.01.16-15.39.16:359][  7]LogModuleManager: Shutting down and abandoning module TreeMap (255)
[2019.01.16-15.39.16:359][  7]LogModuleManager: Shutting down and abandoning module LightPropagationVolumeRuntime (252)
[2019.01.16-15.39.16:359][  7]LogModuleManager: Shutting down and abandoning module AISupportModule (250)
[2019.01.16-15.39.16:359][  7]LogModuleManager: Shutting down and abandoning module Paper2D (248)
[2019.01.16-15.39.16:359][  7]LogModuleManager: Shutting down and abandoning module WindowsMoviePlayer (246)
[2019.01.16-15.39.16:359][  7]LogModuleManager: Shutting down and abandoning module WmfMedia (244)
[2019.01.16-15.39.16:360][  7]LogModuleManager: Shutting down and abandoning module Media (243)
[2019.01.16-15.39.16:366][  7]LogModuleManager: Shutting down and abandoning module PacketHandler (240)
[2019.01.16-15.39.16:366][  7]LogModuleManager: Shutting down and abandoning module ClothingSystemEditor (238)
[2019.01.16-15.39.16:366][  7]LogModuleManager: Shutting down and abandoning module ClothingSystemRuntime (236)
[2019.01.16-15.39.16:366][  7]LogModuleManager: Shutting down and abandoning module MediaAssets (234)
[2019.01.16-15.39.16:366][  7]LogModuleManager: Shutting down and abandoning module Overlay (232)
[2019.01.16-15.39.16:366][  7]LogModuleManager: Shutting down and abandoning module OverlayEditor (231)
[2019.01.16-15.39.16:366][  7]LogModuleManager: Shutting down and abandoning module VREditor (228)
[2019.01.16-15.39.16:366][  7]LogModuleManager: Shutting down and abandoning module StringTableEditor (226)
[2019.01.16-15.39.16:366][  7]LogModuleManager: Shutting down and abandoning module GameplayTasksEditor (224)
[2019.01.16-15.39.16:366][  7]LogModuleManager: Shutting down and abandoning module BehaviorTreeEditor (222)
[2019.01.16-15.39.16:366][  7]LogModuleManager: Shutting down and abandoning module FunctionalTesting (220)
[2019.01.16-15.39.16:366][  7]LogModuleManager: Shutting down and abandoning module CollisionAnalyzer (218)
[2019.01.16-15.39.16:366][  7]LogModuleManager: Shutting down and abandoning module WorkspaceMenuStructure (217)
[2019.01.16-15.39.16:366][  7]LogModuleManager: Shutting down and abandoning module UMG (214)
[2019.01.16-15.39.16:366][  7]LogModuleManager: Shutting down and abandoning module UMGEditor (213)
[2019.01.16-15.39.16:366][  7]LogModuleManager: Shutting down and abandoning module Sequencer (212)
[2019.01.16-15.39.16:366][  7]LogModuleManager: Shutting down and abandoning module MessageLog (209)
[2019.01.16-15.39.16:366][  7]LogModuleManager: Shutting down and abandoning module SlateReflector (204)
[2019.01.16-15.39.16:367][  7]LogModuleManager: Shutting down and abandoning module Slate (202)
[2019.01.16-15.39.16:367][  7]LogModuleManager: Shutting down and abandoning module EditorStyle (200)
[2019.01.16-15.39.16:368][  7]LogModuleManager: Shutting down and abandoning module MRMesh (198)
[2019.01.16-15.39.16:368][  7]LogModuleManager: Shutting down and abandoning module SourceCodeAccess (196)
[2019.01.16-15.39.16:368][  7]LogModuleManager: Shutting down and abandoning module HeadMountedDisplay (194)
[2019.01.16-15.39.16:368][  7]LogModuleManager: Shutting down and abandoning module XAudio2 (192)
[2019.01.16-15.39.16:368][  7]LogModuleManager: Shutting down and abandoning module Networking (190)
[2019.01.16-15.39.16:368][  7]LogModuleManager: Shutting down and abandoning module Core (188)
[2019.01.16-15.39.16:368][  7]LogModuleManager: Shutting down and abandoning module LevelSequence (186)
[2019.01.16-15.39.16:368][  7]LogModuleManager: Shutting down and abandoning module KismetCompiler (184)
[2019.01.16-15.39.16:368][  7]LogModuleManager: Shutting down and abandoning module MeshUtilities (182)
[2019.01.16-15.39.16:368][  7]LogModuleManager: Shutting down and abandoning module MeshMergeUtilities (181)
[2019.01.16-15.39.16:368][  7]LogModuleManager: Shutting down and abandoning module MeshReductionInterface (180)
[2019.01.16-15.39.16:368][  7]LogModuleManager: Shutting down and abandoning module SimplygonSwarm (179)
[2019.01.16-15.39.16:368][  7]LogModuleManager: Shutting down and abandoning module ProxyLODMeshReduction (177)
[2019.01.16-15.39.16:368][  7]LogModuleManager: Shutting down and abandoning module SimplygonMeshReduction (175)
[2019.01.16-15.39.16:368][  7]LogModuleManager: Shutting down and abandoning module QuadricMeshReduction (173)
[2019.01.16-15.39.16:368][  7]LogModuleManager: Shutting down and abandoning module MaterialBaking (169)
[2019.01.16-15.39.16:368][  7]LogModuleManager: Shutting down and abandoning module DirectoryWatcher (165)
[2019.01.16-15.39.16:374][  7]LogModuleManager: Shutting down and abandoning module DerivedDataCache (162)
[2019.01.16-15.39.16:393][  7]LogDerivedDataCache: Shutdown
[2019.01.16-15.39.16:393][  7]LogModuleManager: Shutting down and abandoning module XGEController (160)
[2019.01.16-15.39.16:393][  7]LogModuleManager: Shutting down and abandoning module TargetPlatform (158)
[2019.01.16-15.39.16:393][  7]LogModuleManager: Shutting down and abandoning module VulkanShaderFormat (157)
[2019.01.16-15.39.16:393][  7]LogModuleManager: Shutting down and abandoning module ShaderFormatVectorVM (155)
[2019.01.16-15.39.16:393][  7]LogModuleManager: Shutting down and abandoning module ShaderFormatOpenGL (153)
[2019.01.16-15.39.16:393][  7]LogModuleManager: Shutting down and abandoning module ShaderFormatD3D (151)
[2019.01.16-15.39.16:393][  7]LogModuleManager: Shutting down and abandoning module MetalShaderFormat (149)
[2019.01.16-15.39.16:393][  7]LogModuleManager: Shutting down and abandoning module TextureFormatUncompressed (147)
[2019.01.16-15.39.16:393][  7]LogModuleManager: Shutting down and abandoning module TextureFormatPVR (145)
[2019.01.16-15.39.16:394][  7]LogModuleManager: Shutting down and abandoning module TextureFormatDXT (143)
[2019.01.16-15.39.16:394][  7]LogModuleManager: Shutting down and abandoning module TextureFormatIntelISPCTexComp (141)
[2019.01.16-15.39.16:394][  7]LogModuleManager: Shutting down and abandoning module TextureFormatASTC (139)
[2019.01.16-15.39.16:394][  7]LogModuleManager: Shutting down and abandoning module ImageWrapper (138)
[2019.01.16-15.39.16:394][  7]LogModuleManager: Shutting down and abandoning module TextureFormatAndroid (135)
[2019.01.16-15.39.16:394][  7]LogModuleManager: Shutting down and abandoning module AudioFormatOpus (133)
[2019.01.16-15.39.16:394][  7]LogModuleManager: Shutting down and abandoning module AudioFormatOgg (131)
[2019.01.16-15.39.16:394][  7]LogModuleManager: Shutting down and abandoning module AudioFormatADPCM (129)
[2019.01.16-15.39.16:394][  7]LogModuleManager: Shutting down and abandoning module LuminTargetPlatform (127)
[2019.01.16-15.39.16:394][  7]LogModuleManager: Shutting down and abandoning module LinuxTargetPlatform (125)
[2019.01.16-15.39.16:394][  7]LogModuleManager: Shutting down and abandoning module LinuxServerTargetPlatform (123)
[2019.01.16-15.39.16:394][  7]LogModuleManager: Shutting down and abandoning module LinuxNoEditorTargetPlatform (121)
[2019.01.16-15.39.16:394][  7]LogModuleManager: Shutting down and abandoning module LinuxClientTargetPlatform (119)
[2019.01.16-15.39.16:394][  7]LogModuleManager: Shutting down and abandoning module TVOSTargetPlatform (117)
[2019.01.16-15.39.16:394][  7]LogModuleManager: Shutting down and abandoning module Messaging (115)
[2019.01.16-15.39.16:394][  7]LogModuleManager: Shutting down and abandoning module IOSTargetPlatform (113)
[2019.01.16-15.39.16:395][  7]LogModuleManager: Shutting down and abandoning module HTML5TargetPlatform (111)
[2019.01.16-15.39.16:395][  7]LogModuleManager: Shutting down and abandoning module AndroidTargetPlatform (109)
[2019.01.16-15.39.16:400][  7]LogModuleManager: Shutting down and abandoning module WindowsTargetPlatform (107)
[2019.01.16-15.39.16:400][  7]LogModuleManager: Shutting down and abandoning module WindowsServerTargetPlatform (105)
[2019.01.16-15.39.16:400][  7]LogModuleManager: Shutting down and abandoning module WindowsNoEditorTargetPlatform (103)
[2019.01.16-15.39.16:400][  7]LogModuleManager: Shutting down and abandoning module WindowsClientTargetPlatform (101)
[2019.01.16-15.39.16:400][  7]LogModuleManager: Shutting down and abandoning module MacTargetPlatform (99)
[2019.01.16-15.39.16:400][  7]LogModuleManager: Shutting down and abandoning module MacServerTargetPlatform (97)
[2019.01.16-15.39.16:400][  7]LogModuleManager: Shutting down and abandoning module MacNoEditorTargetPlatform (95)
[2019.01.16-15.39.16:400][  7]LogModuleManager: Shutting down and abandoning module MacClientTargetPlatform (93)
[2019.01.16-15.39.16:400][  7]LogModuleManager: Shutting down and abandoning module AllDesktopTargetPlatform (91)
[2019.01.16-15.39.16:400][  7]LogModuleManager: Shutting down and abandoning module InputCore (88)
[2019.01.16-15.39.16:400][  7]LogModuleManager: Shutting down and abandoning module Settings (86)
[2019.01.16-15.39.16:400][  7]LogModuleManager: Shutting down and abandoning module PhysXCooking (84)
[2019.01.16-15.39.16:400][  7]LogModuleManager: Shutting down and abandoning module SteamVR (82)
[2019.01.16-15.39.16:400][  7]LogModuleManager: Shutting down and abandoning module OculusHMD (80)
[2019.01.16-15.39.16:400][  7]LogModuleManager: Shutting down and abandoning module ExampleDeviceProfileSelector (78)
[2019.01.16-15.39.16:400][  7]LogModuleManager: Shutting down and abandoning module LauncherChunkInstaller (76)
[2019.01.16-15.39.16:400][  7]LogModuleManager: Shutting down and abandoning module OnlineBlueprintSupport (74)
[2019.01.16-15.39.16:400][  7]LogModuleManager: Shutting down and abandoning module OnlineSubsystem (70)
[2019.01.16-15.39.16:401][  7]LogModuleManager: Shutting down and abandoning module XMPP (65)
[2019.01.16-15.39.16:401][  7]LogModuleManager: Shutting down and abandoning module WebSockets (64)
[2019.01.16-15.39.16:424][  7]LogModuleManager: Shutting down and abandoning module HTTP (61)
[2019.01.16-15.39.16:424][  7]LogHttp: Display: Http module shutting down, but needs to wait on 1 outstanding Http requests:
[2019.01.16-15.39.16:424][  7]LogHttp: Display: 	verb=[POST] url=[https://datarouter.ol.epicgames.com/datarouter/api/v1/public/data?SessionID=%7B9526DF98-456E-5049-D366-84B6E0B6D570%7D&AppID=UEEditor.Rocket.Release&AppVersion=4.20.3-4369336%2B%2B%2BUE4%2BRelease-4.20&UserID=700dd3ea4da4dd17878d279fdb72b5d4%7C045cafe19c1c43ac8ba3ef217b83ef17%7Ce7b110cc-1a49-4b3b-976f-10b06697675e&AppEnvironment=datacollector-binary&UploadType=eteventstream] status=Processing
[2019.01.16-15.39.16:444][  7]LogModuleManager: Shutting down and abandoning module SSL (60)
[2019.01.16-15.39.16:445][  7]LogModuleManager: Shutting down and abandoning module MagicLeapEmulator (56)
[2019.01.16-15.39.16:445][  7]LogModuleManager: Shutting down and abandoning module MagicLeapPrivileges (54)
[2019.01.16-15.39.16:445][  7]LogModuleManager: Shutting down and abandoning module MagicLeapIdentity (52)
[2019.01.16-15.39.16:445][  7]LogModuleManager: Shutting down and abandoning module MagicLeapHelperVulkan (50)
[2019.01.16-15.39.16:445][  7]LogModuleManager: Shutting down and abandoning module MagicLeapHelperOpenGL (48)
[2019.01.16-15.39.16:445][  7]LogModuleManager: Shutting down and abandoning module MagicLeapSecureStorage (46)
[2019.01.16-15.39.16:445][  7]LogModuleManager: Shutting down and abandoning module MagicLeapGestures (44)
[2019.01.16-15.39.16:445][  7]LogModuleManager: Shutting down and abandoning module MagicLeapEyeTracker (42)
[2019.01.16-15.39.16:445][  7]LogModuleManager: Shutting down and abandoning module MagicLeapController (40)
[2019.01.16-15.39.16:445][  7]LogSlate: Slate User Destroyed.  User Index 0, Is Virtual User: 0
[2019.01.16-15.39.16:445][  7]LogModuleManager: Shutting down and abandoning module MagicLeap (38)
[2019.01.16-15.39.16:446][  7]LogModuleManager: Shutting down and abandoning module AnimationModifiers (36)
[2019.01.16-15.39.16:446][  7]LogModuleManager: Shutting down and abandoning module PropertyEditor (35)
[2019.01.16-15.39.16:446][  7]LogModuleManager: Shutting down and abandoning module AudioEditor (32)
[2019.01.16-15.39.16:446][  7]LogModuleManager: Shutting down and abandoning module TextureCompressor (30)
[2019.01.16-15.39.16:446][  7]LogModuleManager: Shutting down and abandoning module ShaderCore (28)
[2019.01.16-15.39.16:446][  7]LogModuleManager: Shutting down and abandoning module Landscape (26)
[2019.01.16-15.39.16:446][  7]LogModuleManager: Shutting down and abandoning module SlateRHIRenderer (24)
[2019.01.16-15.39.16:446][  7]LogModuleManager: Shutting down and abandoning module OpenGLDrv (22)
[2019.01.16-15.39.16:446][  7]LogModuleManager: Shutting down and abandoning module D3D11RHI (20)
[2019.01.16-15.39.16:446][  7]LogModuleManager: Shutting down and abandoning module AnimGraphRuntime (18)
[2019.01.16-15.39.16:446][  7]LogModuleManager: Shutting down and abandoning module Renderer (16)
[2019.01.16-15.39.16:446][  7]LogModuleManager: Shutting down and abandoning module Engine (14)
[2019.01.16-15.39.16:446][  7]LogModuleManager: Shutting down and abandoning module CoreUObject (12)
[2019.01.16-15.39.16:446][  7]LogModuleManager: Shutting down and abandoning module NetworkFile (10)
[2019.01.16-15.39.16:446][  7]LogModuleManager: Shutting down and abandoning module CookedIterativeFile (8)
[2019.01.16-15.39.16:446][  7]LogModuleManager: Shutting down and abandoning module StreamingFile (6)
[2019.01.16-15.39.16:446][  7]LogModuleManager: Shutting down and abandoning module SandboxFile (4)
[2019.01.16-15.39.16:446][  7]LogModuleManager: Shutting down and abandoning module PakFile (2)
[2019.01.16-15.39.16:452][  7]LogExit: Exiting.
[2019.01.16-15.39.16:483][  7]Log file closed, 01/16/19 08:39:16
